2021-10-14 18:10:05,010:INFO:__init__:RSS Parser Session is starting
2021-10-14 18:10:05,010:INFO:parser_initiation:Getting content of RSS link
2021-10-14 18:10:05,360:INFO:parser_initiation:Connection established successfully
2021-10-14 18:11:42,243:INFO:__init__:RSS Parser Session is starting
2021-10-14 18:11:42,244:INFO:parser_initiation:Getting content of RSS link
2021-10-14 18:11:42,573:INFO:parser_initiation:Connection established successfully
2021-10-14 18:12:25,533 : INFO : __init__ : RSS Parser Session is starting
2021-10-14 18:12:25,533 : INFO : parser_initiation : Getting content of RSS link
2021-10-14 18:12:25,872 : INFO : parser_initiation : Connection established successfully
2021-10-14 18:13:49,641 : INFO : __init__ : RSS Parser Session is starting
2021-10-14 18:13:49,642 : INFO : parser_initiation : Getting content of RSS link
2021-10-14 18:13:49,916 : INFO : parser_initiation : Connection established successfully
2021-10-14 18:24:24,833 : INFO : __init__ : RSS Parser Session is starting
2021-10-14 18:24:24,834 : INFO : parser_initiation : Getting content of RSS link
2021-10-14 18:24:25,150 : INFO : parser_initiation : Connection established successfully
2021-10-14 18:24:25,175 : INFO : title_parser : Parsing title
2021-10-14 18:25:24,221 : INFO : __init__ : RSS Parser Session is starting
2021-10-14 18:25:24,221 : INFO : parser_initiation : Getting content of RSS link
2021-10-14 18:25:24,231 : ERROR : parser_initiation : HTTPSConnectionPool(host='rss.nytimes.com', port=443): Max retries exceeded with url: /services/xml/rss/nyt/HomePage.xml (Caused by NewConnectionError('<urllib3.connection.HTTPSConnection object at 0x00000224DB346190>: Failed to establish a new connection: [Errno 11001] getaddrinfo failed'))
2021-10-14 18:27:07,992 : INFO : __init__ : RSS Parser Session is starting
2021-10-14 18:27:07,992 : INFO : parser_initiation : Getting content of RSS link
2021-10-14 18:27:08,446 : INFO : parser_initiation : Connection established successfully
2021-10-14 18:28:21,343 : INFO : __init__ : RSS Parser Session is starting
2021-10-14 18:28:21,344 : INFO : parser_initiation : Getting content of RSS link
2021-10-14 18:28:21,838 : INFO : parser_initiation : Connection established successfully
2021-10-14 18:34:25,860 : INFO : __init__ : RSS Parser Session is starting
2021-10-14 18:34:25,860 : INFO : parser_initiation : Getting content of RSS link
2021-10-14 18:34:26,682 : INFO : parser_initiation : Connection established successfully
2021-10-14 18:34:41,530 : INFO : __init__ : RSS Parser Session is starting
2021-10-14 18:34:41,530 : INFO : parser_initiation : Getting content of RSS link
2021-10-14 18:34:42,064 : INFO : parser_initiation : Connection established successfully
2021-10-14 18:35:50,123 : INFO : __init__ : RSS Parser Session is starting
2021-10-14 18:35:50,123 : INFO : parser_initiation : Getting content of RSS link
2021-10-14 18:35:50,544 : INFO : parser_initiation : Connection established successfully
2021-10-14 18:35:50,566 : INFO : view_output : Printing otput in JSON format
2021-10-14 18:36:39,750 : INFO : __init__ : RSS Parser Session is starting
2021-10-14 18:36:39,751 : INFO : parser_initiation : Getting content of RSS link
2021-10-14 18:36:40,252 : INFO : parser_initiation : Connection established successfully
2021-10-14 18:36:40,272 : INFO : view_output : Printing otput in JSON format
2021-10-14 18:36:40,276 : INFO : <module> : Session finished
2021-10-14 18:36:54,673 : INFO : __init__ : RSS Parser Session is starting
2021-10-14 18:36:54,674 : INFO : parser_initiation : Getting content of RSS link
2021-10-14 18:36:55,055 : INFO : parser_initiation : Connection established successfully
2021-10-14 18:36:55,098 : INFO : <module> : Session finished
2021-10-14 18:37:03,333 : INFO : __init__ : RSS Parser Session is starting
2021-10-14 18:37:03,333 : INFO : parser_initiation : Getting content of RSS link
2021-10-14 18:37:03,733 : INFO : parser_initiation : Connection established successfully
2021-10-14 18:37:03,788 : INFO : <module> : 
Session finished
2021-10-14 18:38:54,052 : INFO : __init__ : RSS Parser Session is starting
2021-10-14 18:38:54,053 : INFO : parser_initiation : Getting content of RSS link
2021-10-14 18:38:54,542 : INFO : parser_initiation : Connection established successfully
2021-10-14 18:38:54,575 : INFO : <module> : --------------------Session finished--------------------
2021-10-14 18:39:46,236 : INFO : <module> : --------------------Starting session--------------------
2021-10-14 18:39:46,236 : INFO : __init__ : RSS Parser is starting
2021-10-14 18:39:46,239 : INFO : parser_initiation : Getting content of RSS link
2021-10-14 18:39:46,669 : INFO : parser_initiation : Connection established successfully
2021-10-14 18:39:46,748 : INFO : <module> : --------------------Session finished--------------------
2021-10-14 18:44:56,642 : INFO : <module> : --------------------Starting session--------------------
2021-10-14 18:44:56,643 : INFO : __init__ : RSS Parser is starting
2021-10-14 18:44:56,643 : INFO : parser_initiation : Getting content of RSS link
2021-10-14 18:44:56,917 : INFO : parser_initiation : Connection established successfully
2021-10-14 18:44:56,947 : INFO : <module> : --------------------Session finished--------------------
2021-10-14 18:47:28,724 : INFO : <module> : --------------------Starting session--------------------
2021-10-14 18:47:28,724 : INFO : __init__ : RSS Parser is starting
2021-10-14 18:47:28,725 : INFO : parser_initiation : Getting content of RSS link
2021-10-14 18:47:29,011 : INFO : parser_initiation : Connection established successfully
2021-10-14 18:47:29,060 : INFO : <module> : --------------------Session finished--------------------
2021-10-14 18:47:48,152 : INFO : <module> : --------------------Starting session--------------------
2021-10-14 18:47:48,153 : INFO : __init__ : RSS Parser is starting
2021-10-14 18:47:48,153 : INFO : parser_initiation : Getting content of RSS link
2021-10-14 18:47:48,343 : INFO : parser_initiation : Connection established successfully
2021-10-14 18:47:48,387 : INFO : <module> : --------------------Session finished--------------------
2021-10-14 18:53:26,445 : INFO : <module> : --------------------Starting session--------------------
2021-10-14 18:53:26,445 : INFO : __init__ : RSS Parser is starting
2021-10-14 18:53:26,445 : INFO : parser_initiation : Getting content of RSS link
2021-10-14 18:53:46,030 : INFO : parser_initiation : Connection established successfully
2021-10-14 18:53:46,036 : INFO : <module> : --------------------Session finished--------------------
2021-10-14 18:57:31,384 : INFO : <module> : --------------------Starting session--------------------
2021-10-14 18:57:31,384 : INFO : __init__ : RSS Parser is starting
2021-10-14 18:57:31,384 : INFO : parser_initiation : Getting content of RSS link
2021-10-14 18:57:31,934 : INFO : parser_initiation : Connection established successfully
2021-10-14 18:57:31,957 : INFO : <module> : --------------------Session finished--------------------
2021-10-14 18:58:49,887 : INFO : <module> : --------------------Starting session--------------------
2021-10-14 18:58:49,887 : INFO : __init__ : RSS Parser is starting
2021-10-14 18:58:49,887 : INFO : parser_initiation : Getting content of RSS link
2021-10-14 18:58:50,066 : INFO : parser_initiation : Connection established successfully
2021-10-14 18:58:50,122 : INFO : <module> : --------------------Session finished--------------------
2021-10-14 19:05:02,355 : INFO : <module> : --------------------Starting session--------------------
2021-10-14 19:05:02,355 : INFO : __init__ : RSS Parser is starting
2021-10-14 19:05:02,355 : INFO : parser_initiation : Getting content of RSS link
2021-10-14 19:05:02,776 : INFO : parser_initiation : Connection established successfully
2021-10-14 19:05:02,833 : INFO : <module> : --------------------Session finished--------------------
2021-10-14 19:05:31,701 : INFO : <module> : --------------------Starting session--------------------
2021-10-14 19:05:31,701 : INFO : __init__ : RSS Parser is starting
2021-10-14 19:05:31,702 : INFO : parser_initiation : Getting content of RSS link
2021-10-14 19:05:32,088 : INFO : parser_initiation : Connection established successfully
2021-10-14 19:05:32,121 : INFO : <module> : --------------------Session finished--------------------
2021-10-14 19:09:49,077 : INFO : <module> : --------------------Starting session--------------------
2021-10-14 19:09:49,077 : INFO : __init__ : RSS Parser is starting
2021-10-14 19:09:49,077 : INFO : parser_initiation : Getting content of RSS link
2021-10-14 19:09:49,306 : INFO : parser_initiation : Connection established successfully
2021-10-14 19:09:49,349 : INFO : <module> : --------------------Session finished--------------------
2021-10-14 19:10:24,338 : INFO : <module> : --------------------Starting session--------------------
2021-10-14 19:10:24,339 : INFO : __init__ : RSS Parser is starting
2021-10-14 19:10:24,339 : INFO : parser_initiation : Getting content of RSS link
2021-10-14 19:10:24,506 : INFO : parser_initiation : Connection established successfully
2021-10-14 19:10:24,555 : INFO : <module> : --------------------Session finished--------------------
2021-10-14 19:11:20,581 : INFO : <module> : --------------------Starting session--------------------
2021-10-14 19:11:20,582 : INFO : __init__ : RSS Parser is starting
2021-10-14 19:11:20,584 : INFO : parser_initiation : Getting content of RSS link
2021-10-14 19:11:21,288 : INFO : parser_initiation : Connection established successfully
2021-10-14 19:11:21,359 : INFO : <module> : --------------------Session finished--------------------
2021-10-14 21:49:48,504 : INFO : <module> : --------------------Starting session--------------------
2021-10-14 21:49:48,505 : INFO : __init__ : RSS Parser is starting
2021-10-14 21:49:48,516 : INFO : parser_initiation : Getting content of RSS link
2021-10-14 21:49:49,144 : INFO : parser_initiation : Connection established successfully
2021-10-14 21:49:49,212 : INFO : <module> : --------------------Session finished--------------------
2021-10-28 12:18:23,539 : INFO : <module> : --------------------Starting session--------------------
2021-10-28 12:18:23,539 : INFO : __init__ : RSS Parser is starting
2021-10-28 12:18:23,539 : INFO : parser_initiation : Getting content of RSS link
2021-10-28 12:18:23,806 : INFO : parser_initiation : Connection established successfully
2021-10-28 12:19:22,272 : INFO : <module> : --------------------Starting session--------------------
2021-10-28 12:19:22,272 : INFO : __init__ : RSS Parser is starting
2021-10-28 12:19:22,272 : INFO : parser_initiation : Getting content of RSS link
2021-10-28 12:19:22,637 : INFO : parser_initiation : Connection established successfully
2021-10-28 12:25:13,896 : INFO : <module> : --------------------Starting session--------------------
2021-10-28 12:25:13,897 : INFO : __init__ : RSS Parser is starting
2021-10-28 12:25:13,897 : INFO : parser_initiation : Getting content of RSS link...
2021-10-28 12:25:14,214 : INFO : parser_initiation : Connection established successfully
2021-10-28 12:25:14,292 : INFO : view_output : Printing output in a human readable way
2021-10-28 12:29:19,067 : INFO : <module> : --------------------Starting session--------------------
2021-10-28 12:29:19,068 : INFO : __init__ : RSS Parser is starting
2021-10-28 12:29:19,068 : INFO : parser_initiation : Getting content of RSS link...
2021-10-28 12:29:19,075 : ERROR : parser_initiation : Invalid URL '-1': No schema supplied. Perhaps you meant http://-1?
2021-10-28 12:29:19,075 : INFO : view_output : Printing output in a human readable way
2021-10-28 12:30:59,562 : INFO : __init__ : RSS Parser is starting
2021-10-28 12:30:59,562 : INFO : parser_initiation : Getting content of RSS link...
2021-10-28 12:30:59,967 : INFO : parser_initiation : Connection established successfully
2021-10-28 12:31:00,047 : INFO : <module> : --------------------Starting session--------------------
2021-10-28 12:31:00,047 : INFO : view_output : Printing output in JSON format
2021-10-28 12:31:00,048 : INFO : <module> : --------------------Session finished--------------------
2021-10-28 12:35:40,198 : INFO : __init__ : RSS Parser is starting
2021-10-28 12:35:40,198 : INFO : parser_initiation : Getting content of RSS link...
2021-10-28 12:35:40,573 : INFO : parser_initiation : Connection established successfully
2021-10-28 12:35:40,600 : INFO : <module> : --------------------Starting session--------------------
2021-10-28 12:35:40,600 : INFO : view_output : Printing output in a human readable way
2021-10-28 12:35:40,601 : INFO : <module> : --------------------Session finished--------------------
2021-10-28 12:45:53,512 : INFO : __init__ : RSS Parser is starting
2021-10-28 12:45:53,512 : INFO : parser_initiation : Getting content of RSS link...
2021-10-28 12:45:53,825 : INFO : parser_initiation : Connection established successfully
2021-10-28 12:45:53,915 : INFO : <module> : --------------------Starting session--------------------
2021-10-28 12:45:53,915 : INFO : view_output : Printing output in JSON format
2021-10-28 12:45:53,918 : INFO : <module> : --------------------Session finished--------------------
2021-10-28 12:46:03,355 : INFO : __init__ : RSS Parser is starting
2021-10-28 12:46:03,355 : INFO : parser_initiation : Getting content of RSS link...
2021-10-28 12:46:03,597 : INFO : parser_initiation : Connection established successfully
2021-10-28 12:46:03,675 : INFO : <module> : --------------------Starting session--------------------
2021-10-28 12:46:03,675 : INFO : view_output : Printing output in a human readable way
2021-10-28 12:46:03,679 : INFO : <module> : --------------------Session finished--------------------
2021-10-28 12:46:20,810 : INFO : __init__ : RSS Parser is starting
2021-10-28 12:46:20,811 : INFO : parser_initiation : Getting content of RSS link...
2021-10-28 12:46:21,093 : INFO : parser_initiation : Connection established successfully
2021-10-28 12:46:21,172 : INFO : <module> : --------------------Starting session--------------------
2021-10-28 12:46:21,172 : INFO : view_output : Printing output in a human readable way
2021-10-28 12:46:21,190 : INFO : <module> : --------------------Session finished--------------------
2021-10-28 12:49:58,866 : INFO : __init__ : RSS Parser is starting
2021-10-28 12:49:58,866 : INFO : parser_initiation : Getting content of RSS link...
2021-10-28 12:49:59,318 : INFO : parser_initiation : Connection established successfully
2021-10-28 12:49:59,410 : INFO : <module> : --------------------Starting session--------------------
2021-10-28 12:49:59,410 : INFO : view_output : Printing output in a human readable way
2021-10-28 12:49:59,435 : INFO : <module> : --------------------Session finished--------------------
2021-10-28 12:59:38,977 : INFO : __init__ : RSS Parser is starting
2021-10-28 12:59:38,977 : INFO : parser_initiation : Getting content of RSS link...
2021-10-28 12:59:39,306 : INFO : parser_initiation : Connection established successfully
2021-10-28 12:59:39,411 : INFO : <module> : --------------------Starting session--------------------
2021-10-28 12:59:39,411 : INFO : view_output : Printing output in a human readable way
2021-10-28 12:59:39,441 : INFO : <module> : --------------------Session finished--------------------
2021-10-28 12:59:55,996 : INFO : __init__ : RSS Parser is starting
2021-10-28 12:59:55,996 : INFO : parser_initiation : Getting content of RSS link...
2021-10-28 12:59:56,238 : INFO : parser_initiation : Connection established successfully
2021-10-28 12:59:56,320 : INFO : <module> : --------------------Starting session--------------------
2021-10-28 12:59:56,321 : INFO : view_output : Printing output in a human readable way
2021-10-28 12:59:56,345 : INFO : <module> : --------------------Session finished--------------------
2021-10-28 13:00:41,745 : INFO : __init__ : RSS Parser is starting
2021-10-28 13:00:41,745 : INFO : parser_initiation : Getting content of RSS link...
2021-10-28 13:00:42,004 : INFO : parser_initiation : Connection established successfully
2021-10-28 13:00:42,074 : INFO : <module> : --------------------Starting session--------------------
2021-10-28 13:00:42,074 : INFO : view_output : Printing output in a human readable way
2021-10-28 13:00:42,105 : INFO : <module> : --------------------Session finished--------------------
2021-10-28 13:06:51,018 : INFO : <module> : --------------------Starting session--------------------
2021-10-28 13:06:51,018 : INFO : __init__ : RSS Parser is starting
2021-10-28 13:06:51,018 : INFO : parser_initiation : Getting content of RSS link...
2021-10-28 13:06:51,312 : INFO : parser_initiation : Connection established successfully
2021-10-28 13:06:51,378 : INFO : view_output : Printing output in a human readable way
2021-10-28 13:08:59,816 : INFO : <module> : --------------------Starting session--------------------
2021-10-28 13:08:59,816 : INFO : __init__ : RSS Parser is starting
2021-10-28 13:08:59,817 : INFO : parser_initiation : Getting content of RSS link...
2021-10-28 13:09:00,275 : INFO : parser_initiation : Connection established successfully
2021-10-28 13:09:00,346 : INFO : view_output : Printing output in a human readable way
2021-10-28 13:09:00,795 : INFO : <module> : --------------------Session finished--------------------
2021-10-28 13:09:50,793 : INFO : <module> : --------------------Starting session--------------------
2021-10-28 13:09:50,793 : INFO : __init__ : RSS Parser is starting
2021-10-28 13:09:50,793 : INFO : parser_initiation : Getting content of RSS link...
2021-10-28 13:09:51,061 : INFO : parser_initiation : Connection established successfully
2021-10-28 13:09:51,129 : INFO : view_output : Printing output in JSON format
2021-10-28 13:09:51,135 : INFO : <module> : --------------------Session finished--------------------
2021-10-28 13:09:55,945 : INFO : <module> : --------------------Starting session--------------------
2021-10-28 13:09:55,945 : INFO : __init__ : RSS Parser is starting
2021-10-28 13:09:55,945 : INFO : parser_initiation : Getting content of RSS link...
2021-10-28 13:09:56,178 : INFO : parser_initiation : Connection established successfully
2021-10-28 13:09:56,245 : INFO : view_output : Printing output in a human readable way
2021-10-28 13:09:56,322 : INFO : <module> : --------------------Session finished--------------------
2021-10-28 13:13:24,957 : INFO : <module> : --------------------Starting session--------------------
2021-10-28 13:13:24,958 : INFO : __init__ : RSS Parser is starting
2021-10-28 13:13:24,959 : INFO : parser_initiation : Getting content of RSS link...
2021-10-28 13:13:25,270 : INFO : parser_initiation : Connection established successfully
2021-10-28 13:13:25,339 : INFO : view_output : Printing output in a human readable way
2021-10-28 13:13:25,345 : INFO : title_parser : Parsing 'title'...
2021-10-28 13:13:25,401 : INFO : item_parser : Parsing single 'item'...
2021-10-28 13:13:25,410 : INFO : item_parser : Parsing single 'item'...
2021-10-28 13:13:25,415 : INFO : item_parser : Parsing single 'item'...
2021-10-28 13:13:25,427 : INFO : <module> : --------------------Session finished--------------------
2021-10-28 13:17:38,815 : INFO : <module> : --------------------Starting session--------------------
2021-10-28 13:17:38,815 : INFO : __init__ : RSS Parser is starting
2021-10-28 13:17:38,818 : INFO : parser_initiation : Getting content of RSS link...
2021-10-28 13:17:39,143 : INFO : parser_initiation : Connection established successfully
2021-10-28 13:17:39,219 : INFO : view_output : Printing output in JSON format
2021-10-28 13:17:39,220 : INFO : json_feed_presentation : Generating json object...
2021-10-28 13:17:39,225 : INFO : title_parser : Parsing 'title'...
2021-10-28 13:17:39,237 : INFO : item_parser : Parsing single 'item'...
2021-10-28 13:17:39,241 : INFO : item_parser : Parsing single 'item'...
2021-10-28 13:17:39,252 : INFO : item_parser : Parsing single 'item'...
2021-10-28 13:17:39,274 : INFO : <module> : --------------------Session finished--------------------
2021-10-28 13:28:36,386 : INFO : <module> : --------------------Starting session--------------------
2021-10-28 13:28:36,386 : INFO : __init__ : RSS Parser is starting
2021-10-28 13:28:36,398 : INFO : parser_initiation : Getting content of RSS link...
2021-10-28 13:28:36,747 : INFO : parser_initiation : Connection established successfully
2021-10-28 13:28:36,831 : INFO : view_output : Printing output in a human readable way
2021-10-28 13:28:36,838 : INFO : title_parser : Parsing 'title'...
2021-10-28 13:28:36,877 : INFO : item_parser : Parsing single 'item'...
2021-10-28 13:28:36,885 : INFO : item_parser : Parsing single 'item'...
2021-10-28 13:28:36,909 : INFO : item_parser : Parsing single 'item'...
2021-10-28 13:28:36,932 : INFO : <module> : --------------------Session finished--------------------
2021-10-28 13:28:44,202 : INFO : <module> : --------------------Starting session--------------------
2021-10-28 13:28:44,203 : INFO : __init__ : RSS Parser is starting
2021-10-28 13:28:44,214 : INFO : parser_initiation : Getting content of RSS link...
2021-10-28 13:28:44,474 : INFO : parser_initiation : Connection established successfully
2021-10-28 13:28:44,556 : INFO : view_output : Printing output in a human readable way
2021-10-28 13:28:44,567 : INFO : title_parser : Parsing 'title'...
2021-10-28 13:28:44,602 : INFO : item_parser : Parsing single 'item'...
2021-10-28 13:28:44,631 : INFO : item_parser : Parsing single 'item'...
2021-10-28 13:28:44,641 : INFO : item_parser : Parsing single 'item'...
2021-10-28 13:28:44,670 : INFO : item_parser : Parsing single 'item'...
2021-10-28 13:28:44,700 : INFO : item_parser : Parsing single 'item'...
2021-10-28 13:28:44,735 : INFO : <module> : --------------------Session finished--------------------
2021-10-28 13:28:55,117 : INFO : <module> : --------------------Starting session--------------------
2021-10-28 13:28:55,118 : INFO : __init__ : RSS Parser is starting
2021-10-28 13:28:55,118 : INFO : parser_initiation : Getting content of RSS link...
2021-10-28 13:28:55,353 : INFO : parser_initiation : Connection established successfully
2021-10-28 13:28:55,416 : INFO : view_output : Printing output in a human readable way
2021-10-28 13:28:55,421 : INFO : title_parser : Parsing 'title'...
2021-10-28 13:28:55,437 : INFO : item_parser : Parsing single 'item'...
2021-10-28 13:28:55,451 : INFO : item_parser : Parsing single 'item'...
2021-10-28 13:28:55,455 : INFO : item_parser : Parsing single 'item'...
2021-10-28 13:28:55,458 : INFO : item_parser : Parsing single 'item'...
2021-10-28 13:28:55,460 : INFO : item_parser : Parsing single 'item'...
2021-10-28 13:28:55,463 : INFO : <module> : --------------------Session finished--------------------
2021-10-28 17:05:59,524 : INFO : __init__ : RSS Parser is starting
2021-10-28 17:05:59,524 : INFO : parser_initiation : Getting content of RSS link...
2021-10-28 17:05:59,835 : INFO : parser_initiation : Connection established successfully
2021-10-28 17:05:59,854 : INFO : <module> : --------------------Starting session--------------------
2021-10-28 17:05:59,854 : INFO : view_output : Printing output in a human readable way
2021-10-28 17:05:59,854 : INFO : title_parser : Parsing 'title'...
2021-10-28 17:05:59,855 : INFO : item_parser : Parsing single 'item'...
2021-10-28 17:05:59,855 : INFO : item_parser : Parsing single 'item'...
2021-10-28 17:05:59,855 : INFO : item_parser : Parsing single 'item'...
2021-10-28 17:05:59,856 : INFO : item_parser : Parsing single 'item'...
2021-10-28 17:05:59,856 : INFO : item_parser : Parsing single 'item'...
2021-10-28 17:05:59,856 : INFO : item_parser : Parsing single 'item'...
2021-10-28 17:05:59,856 : INFO : item_parser : Parsing single 'item'...
2021-10-28 17:05:59,856 : INFO : item_parser : Parsing single 'item'...
2021-10-28 17:05:59,856 : INFO : item_parser : Parsing single 'item'...
2021-10-28 17:05:59,856 : INFO : item_parser : Parsing single 'item'...
2021-10-28 17:05:59,857 : INFO : item_parser : Parsing single 'item'...
2021-10-28 17:05:59,857 : INFO : item_parser : Parsing single 'item'...
2021-10-28 17:05:59,857 : INFO : item_parser : Parsing single 'item'...
2021-10-28 17:05:59,857 : INFO : item_parser : Parsing single 'item'...
2021-10-28 17:05:59,857 : INFO : item_parser : Parsing single 'item'...
2021-10-28 17:05:59,857 : INFO : item_parser : Parsing single 'item'...
2021-10-28 17:05:59,858 : INFO : item_parser : Parsing single 'item'...
2021-10-28 17:05:59,858 : INFO : item_parser : Parsing single 'item'...
2021-10-28 17:05:59,858 : INFO : item_parser : Parsing single 'item'...
2021-10-28 17:05:59,858 : INFO : item_parser : Parsing single 'item'...
2021-10-28 17:05:59,858 : INFO : item_parser : Parsing single 'item'...
2021-10-28 17:05:59,858 : INFO : item_parser : Parsing single 'item'...
2021-10-28 17:05:59,858 : INFO : item_parser : Parsing single 'item'...
2021-10-28 17:05:59,858 : INFO : item_parser : Parsing single 'item'...
2021-10-28 17:05:59,859 : INFO : item_parser : Parsing single 'item'...
2021-10-28 17:05:59,859 : INFO : item_parser : Parsing single 'item'...
2021-10-28 17:05:59,859 : INFO : item_parser : Parsing single 'item'...
2021-10-28 17:05:59,859 : INFO : item_parser : Parsing single 'item'...
2021-10-28 17:05:59,859 : INFO : item_parser : Parsing single 'item'...
2021-10-28 17:05:59,859 : INFO : item_parser : Parsing single 'item'...
2021-10-28 17:05:59,859 : INFO : item_parser : Parsing single 'item'...
2021-10-28 17:05:59,860 : INFO : item_parser : Parsing single 'item'...
2021-10-28 17:05:59,860 : INFO : item_parser : Parsing single 'item'...
2021-10-28 17:05:59,860 : INFO : item_parser : Parsing single 'item'...
2021-10-28 17:05:59,860 : INFO : item_parser : Parsing single 'item'...
2021-10-28 17:05:59,860 : INFO : item_parser : Parsing single 'item'...
2021-10-28 17:05:59,860 : INFO : item_parser : Parsing single 'item'...
2021-10-28 17:05:59,860 : INFO : item_parser : Parsing single 'item'...
2021-10-28 17:05:59,860 : INFO : item_parser : Parsing single 'item'...
2021-10-28 17:05:59,861 : INFO : item_parser : Parsing single 'item'...
2021-10-28 17:05:59,861 : INFO : item_parser : Parsing single 'item'...
2021-10-28 17:05:59,861 : INFO : item_parser : Parsing single 'item'...
2021-10-28 17:05:59,861 : INFO : item_parser : Parsing single 'item'...
2021-10-28 17:05:59,861 : INFO : item_parser : Parsing single 'item'...
2021-10-28 17:05:59,861 : INFO : item_parser : Parsing single 'item'...
2021-10-28 17:05:59,861 : INFO : item_parser : Parsing single 'item'...
2021-10-28 17:05:59,862 : INFO : item_parser : Parsing single 'item'...
2021-10-28 17:05:59,862 : INFO : item_parser : Parsing single 'item'...
2021-10-28 17:05:59,862 : INFO : item_parser : Parsing single 'item'...
2021-10-28 17:05:59,862 : INFO : item_parser : Parsing single 'item'...
2021-10-28 17:05:59,862 : INFO : item_parser : Parsing single 'item'...
2021-10-28 17:05:59,862 : INFO : item_parser : Parsing single 'item'...
2021-10-28 17:05:59,862 : INFO : <module> : --------------------Session finished--------------------
2021-10-28 17:43:03,902 : INFO : main : --------------------Starting session--------------------
2021-10-28 17:43:03,902 : INFO : __init__ : RSS Parser is starting
2021-10-28 17:43:03,902 : INFO : parser_initiation : Getting content of RSS link...
2021-10-28 17:43:04,309 : INFO : parser_initiation : Connection established successfully
2021-10-28 17:43:04,326 : INFO : view_output : Printing output in a human readable way
2021-10-28 17:43:04,327 : INFO : title_parser : Parsing 'title'...
2021-10-28 17:43:04,342 : INFO : item_parser : Parsing single 'item'...
2021-10-28 17:43:04,344 : INFO : item_parser : Parsing single 'item'...
2021-10-28 17:43:04,346 : INFO : item_parser : Parsing single 'item'...
2021-10-28 17:43:04,348 : INFO : main : --------------------Session finished--------------------
2021-10-28 17:43:50,537 : INFO : main : --------------------Starting session--------------------
2021-10-28 17:43:50,537 : INFO : __init__ : RSS Parser is starting
2021-10-28 17:43:50,537 : INFO : parser_initiation : Getting content of RSS link...
2021-10-28 17:43:50,777 : INFO : parser_initiation : Connection established successfully
2021-10-28 17:43:50,795 : INFO : view_output : Printing output in a human readable way
2021-10-28 17:43:50,797 : INFO : title_parser : Parsing 'title'...
2021-10-28 17:43:50,810 : INFO : item_parser : Parsing single 'item'...
2021-10-28 17:43:50,812 : INFO : item_parser : Parsing single 'item'...
2021-10-28 17:43:50,813 : INFO : item_parser : Parsing single 'item'...
2021-10-28 17:43:50,815 : INFO : main : --------------------Session finished--------------------
2021-10-28 17:44:12,130 : INFO : main : --------------------Starting session--------------------
2021-10-28 17:44:12,131 : INFO : __init__ : RSS Parser is starting
2021-10-28 17:44:12,133 : INFO : parser_initiation : Getting content of RSS link...
2021-10-28 17:44:12,339 : INFO : parser_initiation : Connection established successfully
2021-10-28 17:44:12,359 : INFO : view_output : Printing output in a human readable way
2021-10-28 17:44:12,361 : INFO : title_parser : Parsing 'title'...
2021-10-28 17:44:12,365 : INFO : item_parser : Parsing single 'item'...
2021-10-28 17:44:12,373 : INFO : item_parser : Parsing single 'item'...
2021-10-28 17:44:12,376 : INFO : item_parser : Parsing single 'item'...
2021-10-28 17:44:12,377 : INFO : main : --------------------Session finished--------------------
2021-10-28 21:02:19,717 : INFO : main : --------------------Starting session--------------------
2021-10-28 21:02:19,717 : INFO : __init__ : RSS Parser is starting
2021-10-28 21:02:19,717 : INFO : parser_initiation : Getting content of RSS link...
2021-10-28 21:02:21,762 : INFO : parser_initiation : Connection established successfully
2021-10-28 21:02:21,793 : INFO : view_output : Printing output in a human readable way
2021-10-28 21:02:21,796 : INFO : title_parser : Parsing 'title'...
2021-10-28 21:02:21,820 : INFO : item_parser : Parsing single 'item'...
2021-10-28 21:02:21,835 : INFO : item_parser : Parsing single 'item'...
2021-10-28 21:02:21,839 : INFO : item_parser : Parsing single 'item'...
2021-10-28 21:02:21,853 : INFO : json_feed_generation : Generating json object...
2021-10-28 21:02:21,853 : INFO : title_parser : Parsing 'title'...
2021-10-28 21:02:21,854 : INFO : item_parser : Parsing single 'item'...
2021-10-28 21:02:21,854 : INFO : item_parser : Parsing single 'item'...
2021-10-28 21:02:21,854 : INFO : item_parser : Parsing single 'item'...
2021-10-28 21:02:21,854 : INFO : main : --------------------Session finished--------------------
2021-10-28 21:06:39,983 : INFO : main : --------------------Starting session--------------------
2021-10-28 21:06:39,984 : INFO : __init__ : RSS Parser is starting
2021-10-28 21:06:39,984 : INFO : parser_initiation : Getting content of RSS link...
2021-10-28 21:06:40,255 : INFO : parser_initiation : Connection established successfully
2021-10-28 21:06:40,270 : INFO : view_output : Printing output in a human readable way
2021-10-28 21:06:40,273 : INFO : title_parser : Parsing 'title'...
2021-10-28 21:06:40,286 : INFO : item_parser : Parsing single 'item'...
2021-10-28 21:06:40,299 : INFO : item_parser : Parsing single 'item'...
2021-10-28 21:06:40,313 : INFO : item_parser : Parsing single 'item'...
2021-10-28 21:06:40,333 : INFO : json_feed_generation : Generating json object...
2021-10-28 21:06:40,333 : INFO : title_parser : Parsing 'title'...
2021-10-28 21:06:40,334 : INFO : item_parser : Parsing single 'item'...
2021-10-28 21:06:40,335 : INFO : item_parser : Parsing single 'item'...
2021-10-28 21:06:40,335 : INFO : item_parser : Parsing single 'item'...
2021-10-28 21:06:40,335 : INFO : main : --------------------Session finished--------------------
2021-10-28 21:11:43,839 : INFO : main : --------------------Starting session--------------------
2021-10-28 21:11:43,840 : INFO : __init__ : RSS Parser is starting
2021-10-28 21:11:43,840 : INFO : parser_initiation : Getting content of RSS link...
2021-10-28 21:11:44,105 : INFO : parser_initiation : Connection established successfully
2021-10-28 21:11:44,120 : INFO : view_output : Printing output in a human readable way
2021-10-28 21:11:44,122 : INFO : title_parser : Parsing 'title'...
2021-10-28 21:11:44,130 : INFO : item_parser : Parsing single 'item'...
2021-10-28 21:11:44,132 : INFO : item_parser : Parsing single 'item'...
2021-10-28 21:11:44,137 : INFO : item_parser : Parsing single 'item'...
2021-10-28 21:11:44,140 : INFO : json_feed_generation : Generating json object...
2021-10-28 21:11:44,140 : INFO : title_parser : Parsing 'title'...
2021-10-28 21:11:44,141 : INFO : item_parser : Parsing single 'item'...
2021-10-28 21:11:44,141 : INFO : item_parser : Parsing single 'item'...
2021-10-28 21:11:44,141 : INFO : item_parser : Parsing single 'item'...
2021-10-28 21:11:44,141 : INFO : main : --------------------Session finished--------------------
2021-10-28 21:12:01,164 : INFO : main : --------------------Starting session--------------------
2021-10-28 21:12:01,165 : INFO : __init__ : RSS Parser is starting
2021-10-28 21:12:01,165 : INFO : parser_initiation : Getting content of RSS link...
2021-10-28 21:12:01,401 : INFO : parser_initiation : Connection established successfully
2021-10-28 21:12:01,416 : INFO : view_output : Printing output in a human readable way
2021-10-28 21:12:01,418 : INFO : title_parser : Parsing 'title'...
2021-10-28 21:12:01,426 : INFO : item_parser : Parsing single 'item'...
2021-10-28 21:12:01,428 : INFO : item_parser : Parsing single 'item'...
2021-10-28 21:12:01,433 : INFO : item_parser : Parsing single 'item'...
2021-10-28 21:12:01,436 : INFO : json_feed_generation : Generating json object...
2021-10-28 21:12:01,436 : INFO : title_parser : Parsing 'title'...
2021-10-28 21:12:01,437 : INFO : item_parser : Parsing single 'item'...
2021-10-28 21:12:01,437 : INFO : item_parser : Parsing single 'item'...
2021-10-28 21:12:01,437 : INFO : item_parser : Parsing single 'item'...
2021-10-28 21:12:01,438 : INFO : main : --------------------Session finished--------------------
2021-10-28 21:12:28,374 : INFO : main : --------------------Starting session--------------------
2021-10-28 21:12:28,374 : INFO : __init__ : RSS Parser is starting
2021-10-28 21:12:28,374 : INFO : parser_initiation : Getting content of RSS link...
2021-10-28 21:12:28,640 : INFO : parser_initiation : Connection established successfully
2021-10-28 21:12:28,656 : INFO : view_output : Printing output in a human readable way
2021-10-28 21:12:28,658 : INFO : title_parser : Parsing 'title'...
2021-10-28 21:12:28,666 : INFO : item_parser : Parsing single 'item'...
2021-10-28 21:12:28,668 : INFO : item_parser : Parsing single 'item'...
2021-10-28 21:12:28,671 : INFO : item_parser : Parsing single 'item'...
2021-10-28 21:12:28,673 : INFO : json_feed_generation : Generating json object...
2021-10-28 21:12:28,673 : INFO : title_parser : Parsing 'title'...
2021-10-28 21:12:28,674 : INFO : item_parser : Parsing single 'item'...
2021-10-28 21:12:28,674 : INFO : item_parser : Parsing single 'item'...
2021-10-28 21:12:28,674 : INFO : item_parser : Parsing single 'item'...
2021-10-28 21:12:28,675 : INFO : main : --------------------Session finished--------------------
2021-10-28 21:21:47,728 : INFO : main : --------------------Starting session--------------------
2021-10-28 21:21:47,728 : INFO : __init__ : RSS Parser is starting
2021-10-28 21:21:47,728 : INFO : parser_initiation : Getting content of RSS link...
2021-10-28 21:21:47,729 : ERROR : parser_initiation : Invalid URL '20191206': No schema supplied. Perhaps you meant http://20191206?
2021-10-28 21:21:47,729 : INFO : view_output : Printing output in a human readable way
2021-10-28 21:21:47,730 : INFO : title_parser : Parsing 'title'...
2021-10-29 00:25:22,728 : INFO : main : --------------------Starting session--------------------
2021-10-29 00:25:22,728 : INFO : __init__ : RSS Parser is starting
2021-10-29 00:25:22,728 : INFO : parser_initiation : Getting content of RSS link...
2021-10-29 00:25:23,073 : INFO : parser_initiation : Connection established successfully
2021-10-29 00:25:23,098 : INFO : view_output : Printing output in a human readable way
2021-10-29 00:25:23,100 : INFO : title_parser : Parsing 'title'...
2021-10-29 00:25:23,115 : INFO : item_parser : Parsing single 'item'...
2021-10-29 00:25:23,116 : INFO : item_parser : Parsing single 'item'...
2021-10-29 00:25:23,118 : INFO : item_parser : Parsing single 'item'...
2021-10-29 00:25:23,130 : INFO : item_parser : Parsing single 'item'...
2021-10-29 00:25:23,132 : INFO : item_parser : Parsing single 'item'...
2021-10-29 00:25:23,134 : INFO : json_feed_generation : Generating json object...
2021-10-29 00:25:23,134 : INFO : title_parser : Parsing 'title'...
2021-10-29 00:25:23,135 : INFO : item_parser : Parsing single 'item'...
2021-10-29 00:25:23,136 : INFO : item_parser : Parsing single 'item'...
2021-10-29 00:25:23,136 : INFO : item_parser : Parsing single 'item'...
2021-10-29 00:25:23,136 : INFO : item_parser : Parsing single 'item'...
2021-10-29 00:25:23,136 : INFO : item_parser : Parsing single 'item'...
2021-10-29 00:25:23,136 : INFO : main : --------------------Session finished--------------------
2021-10-29 00:26:28,851 : INFO : main : --------------------Starting session--------------------
2021-10-29 00:26:28,851 : INFO : __init__ : RSS Parser is starting
2021-10-29 00:26:28,851 : INFO : parser_initiation : Getting content of RSS link...
2021-10-29 00:26:29,073 : INFO : parser_initiation : Connection established successfully
2021-10-29 00:26:29,091 : INFO : view_output : Printing output in a human readable way
2021-10-29 00:26:29,094 : INFO : title_parser : Parsing 'title'...
2021-10-29 00:26:29,124 : INFO : item_parser : Parsing single 'item'...
2021-10-29 00:26:29,140 : INFO : item_parser : Parsing single 'item'...
2021-10-29 00:26:29,181 : INFO : item_parser : Parsing single 'item'...
2021-10-29 00:26:29,198 : INFO : item_parser : Parsing single 'item'...
2021-10-29 00:26:29,228 : INFO : item_parser : Parsing single 'item'...
2021-10-29 00:26:29,256 : INFO : json_feed_generation : Generating json object...
2021-10-29 00:26:29,256 : INFO : title_parser : Parsing 'title'...
2021-10-29 00:26:29,258 : INFO : item_parser : Parsing single 'item'...
2021-10-29 00:26:29,258 : INFO : item_parser : Parsing single 'item'...
2021-10-29 00:26:29,258 : INFO : item_parser : Parsing single 'item'...
2021-10-29 00:26:29,258 : INFO : item_parser : Parsing single 'item'...
2021-10-29 00:26:29,258 : INFO : item_parser : Parsing single 'item'...
2021-10-29 00:26:29,259 : INFO : main : --------------------Session finished--------------------
2021-10-29 00:37:53,859 : INFO : main : --------------------Starting session--------------------
2021-10-29 00:37:53,859 : INFO : __init__ : RSS Parser is starting
2021-10-29 00:37:53,859 : INFO : parser_initiation : Getting content of RSS link...
2021-10-29 00:37:53,981 : INFO : parser_initiation : Connection established successfully
2021-10-29 00:37:53,989 : INFO : view_output : Printing output in a human readable way
2021-10-29 00:37:53,989 : INFO : title_parser : Parsing 'title'...
2021-10-29 00:37:53,991 : INFO : item_parser : Parsing single 'item'...
2021-10-29 00:37:53,994 : INFO : item_parser : Parsing single 'item'...
2021-10-29 00:37:53,997 : INFO : item_parser : Parsing single 'item'...
2021-10-29 00:37:53,999 : INFO : item_parser : Parsing single 'item'...
2021-10-29 00:37:54,001 : INFO : item_parser : Parsing single 'item'...
2021-10-29 00:37:54,014 : INFO : json_feed_generation : Generating json object...
2021-10-29 00:37:54,014 : INFO : title_parser : Parsing 'title'...
2021-10-29 00:37:54,015 : INFO : item_parser : Parsing single 'item'...
2021-10-29 00:37:54,015 : INFO : item_parser : Parsing single 'item'...
2021-10-29 00:37:54,015 : INFO : item_parser : Parsing single 'item'...
2021-10-29 00:37:54,016 : INFO : item_parser : Parsing single 'item'...
2021-10-29 00:37:54,016 : INFO : item_parser : Parsing single 'item'...
2021-10-29 00:37:54,016 : INFO : main : --------------------Session finished--------------------
2021-10-29 00:40:11,927 : INFO : view_output : Printing output in JSON format
2021-10-29 00:40:47,543 : INFO : view_output : Printing output in a human readable way
2021-10-29 01:02:42,825 : INFO : main : --------------------Starting session--------------------
2021-10-29 01:02:42,825 : INFO : __init__ : RSS Parser is starting
2021-10-29 01:02:42,825 : INFO : parser_initiation : Getting content of RSS link...
2021-10-29 01:02:43,508 : INFO : parser_initiation : Connection established successfully
2021-10-29 01:02:43,518 : INFO : view_output : Printing output in a human readable way
2021-10-29 01:02:43,532 : INFO : title_parser : Parsing 'title'...
2021-10-29 01:02:43,577 : INFO : item_parser : Parsing single 'item'...
2021-10-29 01:02:43,596 : INFO : item_parser : Parsing single 'item'...
2021-10-29 01:02:43,622 : INFO : item_parser : Parsing single 'item'...
2021-10-29 01:02:43,636 : INFO : json_feed_generation : Generating json object...
2021-10-29 01:02:43,636 : INFO : title_parser : Parsing 'title'...
2021-10-29 01:02:43,638 : INFO : item_parser : Parsing single 'item'...
2021-10-29 01:02:43,639 : INFO : item_parser : Parsing single 'item'...
2021-10-29 01:02:43,639 : INFO : item_parser : Parsing single 'item'...
2021-10-29 01:02:43,640 : INFO : main : --------------------Session finished--------------------
2021-10-29 01:03:15,638 : INFO : main : --------------------Starting session--------------------
2021-10-29 01:03:15,638 : INFO : __init__ : RSS Parser is starting
2021-10-29 01:03:15,638 : INFO : parser_initiation : Getting content of RSS link...
2021-10-29 01:03:15,862 : INFO : parser_initiation : Connection established successfully
2021-10-29 01:03:15,873 : INFO : view_output : Printing output in a human readable way
2021-10-29 01:03:15,888 : INFO : title_parser : Parsing 'title'...
2021-10-29 01:03:15,906 : INFO : item_parser : Parsing single 'item'...
2021-10-29 01:03:15,920 : INFO : item_parser : Parsing single 'item'...
2021-10-29 01:03:15,935 : INFO : item_parser : Parsing single 'item'...
2021-10-29 01:03:15,938 : INFO : json_feed_generation : Generating json object...
2021-10-29 01:03:15,938 : INFO : title_parser : Parsing 'title'...
2021-10-29 01:03:15,940 : INFO : item_parser : Parsing single 'item'...
2021-10-29 01:03:15,940 : INFO : item_parser : Parsing single 'item'...
2021-10-29 01:03:15,941 : INFO : item_parser : Parsing single 'item'...
2021-10-29 01:03:15,941 : INFO : main : --------------------Session finished--------------------
2021-10-29 01:04:23,338 : INFO : main : --------------------Starting session--------------------
2021-10-29 01:04:23,338 : INFO : __init__ : RSS Parser is starting
2021-10-29 01:04:23,338 : INFO : parser_initiation : Getting content of RSS link...
2021-10-29 01:04:23,645 : INFO : parser_initiation : Connection established successfully
2021-10-29 01:04:23,655 : INFO : view_output : Printing output in a human readable way
2021-10-29 01:04:23,680 : INFO : title_parser : Parsing 'title'...
2021-10-29 01:04:23,701 : INFO : item_parser : Parsing single 'item'...
2021-10-29 01:04:23,717 : INFO : item_parser : Parsing single 'item'...
2021-10-29 01:04:23,733 : INFO : item_parser : Parsing single 'item'...
2021-10-29 01:04:23,764 : INFO : json_feed_generation : Generating json object...
2021-10-29 01:04:23,764 : INFO : title_parser : Parsing 'title'...
2021-10-29 01:04:23,766 : INFO : item_parser : Parsing single 'item'...
2021-10-29 01:04:23,766 : INFO : item_parser : Parsing single 'item'...
2021-10-29 01:04:23,766 : INFO : item_parser : Parsing single 'item'...
2021-10-29 01:04:23,767 : INFO : main : --------------------Session finished--------------------
2021-10-29 01:10:39,267 : INFO : view_output : Printing output in a human readable way
2021-10-29 01:12:03,112 : INFO : view_output : Printing output in a human readable way
2021-10-29 01:12:21,059 : INFO : view_output : Printing output in a human readable way
2021-10-29 01:12:44,391 : INFO : view_output : Printing output in a human readable way
2021-10-29 01:15:19,360 : INFO : main : --------------------Starting session--------------------
2021-10-29 01:15:19,361 : INFO : __init__ : RSS Parser is starting
2021-10-29 01:15:19,361 : INFO : parser_initiation : Getting content of RSS link...
2021-10-29 01:15:19,645 : INFO : parser_initiation : Connection established successfully
2021-10-29 01:15:19,713 : INFO : view_output : Printing output in a human readable way
2021-10-29 01:15:19,723 : INFO : title_parser : Parsing 'title'...
2021-10-29 01:15:19,750 : INFO : item_parser : Parsing single 'item'...
2021-10-29 01:15:19,760 : INFO : item_parser : Parsing single 'item'...
2021-10-29 01:15:19,791 : INFO : item_parser : Parsing single 'item'...
2021-10-29 01:15:19,811 : INFO : json_feed_generation : Generating json object...
2021-10-29 01:15:19,811 : INFO : title_parser : Parsing 'title'...
2021-10-29 01:15:19,813 : INFO : item_parser : Parsing single 'item'...
2021-10-29 01:15:19,816 : INFO : item_parser : Parsing single 'item'...
2021-10-29 01:15:19,817 : INFO : item_parser : Parsing single 'item'...
2021-10-29 01:15:19,819 : INFO : main : --------------------Session finished--------------------
2021-10-29 01:15:46,658 : INFO : main : --------------------Starting session--------------------
2021-10-29 01:15:46,659 : INFO : __init__ : RSS Parser is starting
2021-10-29 01:15:46,659 : INFO : parser_initiation : Getting content of RSS link...
2021-10-29 01:15:46,833 : INFO : parser_initiation : Connection established successfully
2021-10-29 01:15:46,861 : INFO : view_output : Printing output in a human readable way
2021-10-29 01:15:46,881 : INFO : title_parser : Parsing 'title'...
2021-10-29 01:15:46,888 : INFO : item_parser : Parsing single 'item'...
2021-10-29 01:15:46,908 : INFO : item_parser : Parsing single 'item'...
2021-10-29 01:15:46,915 : INFO : item_parser : Parsing single 'item'...
2021-10-29 01:15:46,945 : INFO : json_feed_generation : Generating json object...
2021-10-29 01:15:46,945 : INFO : title_parser : Parsing 'title'...
2021-10-29 01:15:46,948 : INFO : item_parser : Parsing single 'item'...
2021-10-29 01:15:46,949 : INFO : item_parser : Parsing single 'item'...
2021-10-29 01:15:46,950 : INFO : item_parser : Parsing single 'item'...
2021-10-29 01:15:46,950 : INFO : main : --------------------Session finished--------------------
2021-10-29 01:16:08,542 : INFO : view_output : Printing output in a human readable way
2021-10-29 01:16:27,491 : INFO : view_output : Printing output in a human readable way
2021-10-29 01:24:32,374 : INFO : __init__ : RSS Parser is starting
2021-10-29 01:24:32,374 : INFO : parser_initiation : Getting content of RSS link...
2021-10-29 01:24:32,931 : INFO : parser_initiation : Connection established successfully
2021-10-29 01:24:32,972 : INFO : __init__ : RSS Parser is starting
2021-10-29 01:24:32,972 : INFO : parser_initiation : Getting content of RSS link...
2021-10-29 01:24:33,145 : INFO : parser_initiation : Connection established successfully
2021-10-29 01:24:33,202 : INFO : __init__ : RSS Parser is starting
2021-10-29 01:24:33,202 : INFO : parser_initiation : Getting content of RSS link...
2021-10-29 01:24:33,735 : INFO : parser_initiation : Connection established successfully
2021-10-29 01:24:33,755 : INFO : __init__ : RSS Parser is starting
2021-10-29 01:24:33,755 : INFO : parser_initiation : Getting content of RSS link...
2021-10-29 01:24:33,845 : INFO : parser_initiation : Connection established successfully
2021-10-29 01:24:33,883 : INFO : __init__ : RSS Parser is starting
2021-10-29 01:24:33,883 : INFO : parser_initiation : Getting content of RSS link...
2021-10-29 01:24:34,166 : INFO : parser_initiation : Connection established successfully
2021-10-29 01:24:34,195 : INFO : __init__ : RSS Parser is starting
2021-10-29 01:24:34,195 : INFO : parser_initiation : Getting content of RSS link...
2021-10-29 01:24:34,290 : INFO : parser_initiation : Connection established successfully
2021-10-29 01:24:34,317 : INFO : item_parser : Parsing single 'item'...
2021-10-29 01:24:34,317 : INFO : item_parser : Parsing single 'item'...
2021-10-29 01:24:34,318 : INFO : __init__ : RSS Parser is starting
2021-10-29 01:24:34,318 : INFO : parser_initiation : Getting content of RSS link...
2021-10-29 01:24:34,614 : INFO : parser_initiation : Connection established successfully
2021-10-29 01:24:34,632 : INFO : __init__ : RSS Parser is starting
2021-10-29 01:24:34,632 : INFO : parser_initiation : Getting content of RSS link...
2021-10-29 01:24:34,758 : INFO : parser_initiation : Connection established successfully
2021-10-29 01:24:34,789 : INFO : __init__ : RSS Parser is starting
2021-10-29 01:24:34,790 : INFO : parser_initiation : Getting content of RSS link...
2021-10-29 01:24:35,306 : INFO : parser_initiation : Connection established successfully
2021-10-29 01:24:35,345 : INFO : __init__ : RSS Parser is starting
2021-10-29 01:24:35,345 : INFO : parser_initiation : Getting content of RSS link...
2021-10-29 01:24:35,472 : INFO : parser_initiation : Connection established successfully
2021-10-29 01:24:35,500 : INFO : __init__ : RSS Parser is starting
2021-10-29 01:24:35,501 : INFO : parser_initiation : Getting content of RSS link...
2021-10-29 01:24:36,048 : INFO : parser_initiation : Connection established successfully
2021-10-29 01:24:36,085 : INFO : __init__ : RSS Parser is starting
2021-10-29 01:24:36,085 : INFO : parser_initiation : Getting content of RSS link...
2021-10-29 01:24:36,183 : INFO : parser_initiation : Connection established successfully
2021-10-29 01:24:36,212 : INFO : __init__ : RSS Parser is starting
2021-10-29 01:24:36,212 : INFO : parser_initiation : Getting content of RSS link...
2021-10-29 01:24:36,630 : INFO : parser_initiation : Connection established successfully
2021-10-29 01:24:36,647 : INFO : __init__ : RSS Parser is starting
2021-10-29 01:24:36,647 : INFO : parser_initiation : Getting content of RSS link...
2021-10-29 01:24:36,732 : INFO : parser_initiation : Connection established successfully
2021-10-29 01:24:36,765 : INFO : parser_initiation : Getting content of RSS link...
2021-10-29 01:24:37,142 : INFO : parser_initiation : Connection established successfully
2021-10-29 01:24:37,160 : INFO : parser_initiation : Getting content of RSS link...
2021-10-29 01:24:37,264 : INFO : parser_initiation : Connection established successfully
2021-10-29 01:24:37,278 : INFO : __init__ : RSS Parser is starting
2021-10-29 01:24:37,278 : INFO : parser_initiation : Getting content of RSS link...
2021-10-29 01:24:37,599 : INFO : parser_initiation : Connection established successfully
2021-10-29 01:24:37,655 : INFO : __init__ : RSS Parser is starting
2021-10-29 01:24:37,655 : INFO : parser_initiation : Getting content of RSS link...
2021-10-29 01:24:37,742 : INFO : parser_initiation : Connection established successfully
2021-10-29 01:24:37,768 : INFO : title_parser : Parsing 'title'...
2021-10-29 01:24:37,768 : INFO : title_parser : Parsing 'title'...
2021-10-29 01:24:37,769 : INFO : __init__ : RSS Parser is starting
2021-10-29 01:24:37,769 : INFO : parser_initiation : Getting content of RSS link...
2021-10-29 01:24:38,202 : INFO : parser_initiation : Connection established successfully
2021-10-29 01:24:38,240 : INFO : __init__ : RSS Parser is starting
2021-10-29 01:24:38,240 : INFO : parser_initiation : Getting content of RSS link...
2021-10-29 01:24:38,343 : INFO : parser_initiation : Connection established successfully
2021-10-29 01:24:38,402 : INFO : __init__ : RSS Parser is starting
2021-10-29 01:24:38,402 : INFO : parser_initiation : Getting content of RSS link...
2021-10-29 01:24:38,807 : INFO : parser_initiation : Connection established successfully
2021-10-29 01:24:38,826 : INFO : __init__ : RSS Parser is starting
2021-10-29 01:24:38,826 : INFO : parser_initiation : Getting content of RSS link...
2021-10-29 01:24:38,933 : INFO : parser_initiation : Connection established successfully
2021-10-29 01:26:07,282 : INFO : main : --------------------Starting session--------------------
2021-10-29 01:26:07,283 : INFO : view_output : Getting output in a human readable way...
2021-10-29 01:26:07,283 : INFO : news_getter : Getting news from cache...
2021-10-29 01:26:07,296 : INFO : single_file_date_checker : Filtering news by source...
2021-10-29 01:26:07,300 : INFO : single_file_date_checker : Filtering news by source...
2021-10-29 01:26:07,301 : INFO : single_file_date_checker : Filtering news by source...
2021-10-29 01:42:08,019 : INFO : news_getter : Getting news from cache...
2021-10-29 01:42:08,029 : INFO : __init__ : RSS Parser is starting
2021-10-29 01:42:08,029 : INFO : parser_initiation : Getting content of RSS link...
2021-10-29 01:42:08,604 : INFO : parser_initiation : Connection established successfully
2021-10-29 01:42:08,627 : INFO : __init__ : RSS Parser is starting
2021-10-29 01:42:08,627 : INFO : parser_initiation : Getting content of RSS link...
2021-10-29 01:42:08,752 : INFO : parser_initiation : Connection established successfully
2021-10-29 01:42:08,780 : INFO : __init__ : RSS Parser is starting
2021-10-29 01:42:08,780 : INFO : parser_initiation : Getting content of RSS link...
2021-10-29 01:42:09,167 : INFO : parser_initiation : Connection established successfully
2021-10-29 01:42:09,185 : INFO : __init__ : RSS Parser is starting
2021-10-29 01:42:09,185 : INFO : parser_initiation : Getting content of RSS link...
2021-10-29 01:42:09,324 : INFO : parser_initiation : Connection established successfully
2021-10-29 01:42:09,353 : INFO : __init__ : RSS Parser is starting
2021-10-29 01:42:09,353 : INFO : parser_initiation : Getting content of RSS link...
2021-10-29 01:42:09,784 : INFO : parser_initiation : Connection established successfully
2021-10-29 01:42:09,811 : INFO : __init__ : RSS Parser is starting
2021-10-29 01:42:09,811 : INFO : parser_initiation : Getting content of RSS link...
2021-10-29 01:42:09,925 : INFO : parser_initiation : Connection established successfully
2021-10-29 01:42:09,951 : INFO : item_parser : Parsing single 'item'...
2021-10-29 01:42:09,952 : INFO : item_parser : Parsing single 'item'...
2021-10-29 01:42:09,952 : INFO : __init__ : RSS Parser is starting
2021-10-29 01:42:09,952 : INFO : parser_initiation : Getting content of RSS link...
2021-10-29 01:42:10,410 : INFO : parser_initiation : Connection established successfully
2021-10-29 01:42:10,428 : INFO : __init__ : RSS Parser is starting
2021-10-29 01:42:10,428 : INFO : parser_initiation : Getting content of RSS link...
2021-10-29 01:42:10,561 : INFO : parser_initiation : Connection established successfully
2021-10-29 01:42:10,589 : INFO : __init__ : RSS Parser is starting
2021-10-29 01:42:10,589 : INFO : parser_initiation : Getting content of RSS link...
2021-10-29 01:42:11,085 : INFO : parser_initiation : Connection established successfully
2021-10-29 01:42:11,104 : INFO : __init__ : RSS Parser is starting
2021-10-29 01:42:11,104 : INFO : parser_initiation : Getting content of RSS link...
2021-10-29 01:42:11,247 : INFO : parser_initiation : Connection established successfully
2021-10-29 01:42:11,275 : INFO : __init__ : RSS Parser is starting
2021-10-29 01:42:11,275 : INFO : parser_initiation : Getting content of RSS link...
2021-10-29 01:42:11,737 : INFO : parser_initiation : Connection established successfully
2021-10-29 01:42:11,756 : INFO : __init__ : RSS Parser is starting
2021-10-29 01:42:11,756 : INFO : parser_initiation : Getting content of RSS link...
2021-10-29 01:42:11,901 : INFO : parser_initiation : Connection established successfully
2021-10-29 01:42:11,929 : INFO : __init__ : RSS Parser is starting
2021-10-29 01:42:11,929 : INFO : parser_initiation : Getting content of RSS link...
2021-10-29 01:42:12,398 : INFO : parser_initiation : Connection established successfully
2021-10-29 01:42:12,415 : INFO : __init__ : RSS Parser is starting
2021-10-29 01:42:12,415 : INFO : parser_initiation : Getting content of RSS link...
2021-10-29 01:42:12,588 : INFO : parser_initiation : Connection established successfully
2021-10-29 01:42:12,618 : INFO : parser_initiation : Getting content of RSS link...
2021-10-29 01:42:13,133 : INFO : parser_initiation : Connection established successfully
2021-10-29 01:42:13,154 : INFO : parser_initiation : Getting content of RSS link...
2021-10-29 01:42:13,291 : INFO : parser_initiation : Connection established successfully
2021-10-29 01:42:13,303 : INFO : __init__ : RSS Parser is starting
2021-10-29 01:42:13,303 : INFO : parser_initiation : Getting content of RSS link...
2021-10-29 01:42:13,667 : INFO : parser_initiation : Connection established successfully
2021-10-29 01:42:13,706 : INFO : __init__ : RSS Parser is starting
2021-10-29 01:42:13,706 : INFO : parser_initiation : Getting content of RSS link...
2021-10-29 01:42:13,815 : INFO : parser_initiation : Connection established successfully
2021-10-29 01:42:13,841 : INFO : title_parser : Parsing 'title'...
2021-10-29 01:42:13,842 : INFO : title_parser : Parsing 'title'...
2021-10-29 01:42:13,843 : INFO : __init__ : RSS Parser is starting
2021-10-29 01:42:13,843 : INFO : parser_initiation : Getting content of RSS link...
2021-10-29 01:42:14,203 : INFO : parser_initiation : Connection established successfully
2021-10-29 01:42:14,220 : INFO : __init__ : RSS Parser is starting
2021-10-29 01:42:14,220 : INFO : parser_initiation : Getting content of RSS link...
2021-10-29 01:42:14,367 : INFO : parser_initiation : Connection established successfully
2021-10-29 01:42:14,417 : INFO : __init__ : RSS Parser is starting
2021-10-29 01:42:14,417 : INFO : parser_initiation : Getting content of RSS link...
2021-10-29 01:42:14,738 : INFO : parser_initiation : Connection established successfully
2021-10-29 01:42:14,758 : INFO : __init__ : RSS Parser is starting
2021-10-29 01:42:14,758 : INFO : parser_initiation : Getting content of RSS link...
2021-10-29 01:42:14,855 : INFO : parser_initiation : Connection established successfully
2021-10-29 01:43:37,763 : INFO : news_getter : Getting news from cache...
2021-10-29 01:44:39,297 : INFO : news_getter : Getting news from cache...
2021-10-29 01:44:39,297 : INFO : single_file_date_checker : Filtering news by source...
2021-10-29 01:44:39,298 : INFO : single_file_date_checker : Filtering news by source...
2021-10-29 01:44:39,298 : INFO : single_file_date_checker : Filtering news by source...
2021-10-29 01:44:50,609 : INFO : news_getter : Getting news from cache...
2021-10-29 01:44:50,610 : INFO : news_getter : Getting news from cache...
2021-10-29 01:44:50,610 : INFO : single_file_date_checker : Filtering news by source...
2021-10-29 01:44:50,610 : INFO : single_file_date_checker : Filtering news by source...
2021-10-29 01:44:50,610 : INFO : single_file_date_checker : Filtering news by source...
2021-10-29 01:51:40,679 : INFO : main : --------------------Starting session--------------------
2021-10-29 01:51:40,679 : INFO : view_output : Getting output in a human readable way...
2021-10-29 01:51:40,694 : INFO : news_getter : Getting news from cache...
2021-10-29 01:51:40,695 : INFO : single_file_date_checker : Filtering news by source...
2021-10-29 01:51:40,695 : INFO : single_file_date_checker : Filtering news by source...
2021-10-29 01:51:40,696 : INFO : single_file_date_checker : Filtering news by source...
2021-10-29 01:52:17,951 : INFO : main : --------------------Starting session--------------------
2021-10-29 01:52:17,951 : INFO : view_output : Getting output in a JSON format...
2021-10-29 01:52:17,952 : INFO : json_feed_generation : Generating JSON structure...
2021-10-29 01:52:17,953 : INFO : news_getter : Getting news from cache...
2021-10-29 01:52:17,953 : INFO : single_file_date_checker : Filtering news by source...
2021-10-29 01:52:17,953 : INFO : single_file_date_checker : Filtering news by source...
2021-10-29 01:52:17,953 : INFO : single_file_date_checker : Filtering news by source...
2021-10-29 01:56:34,211 : INFO : json_feed_generation : Generating JSON structure...
2021-10-29 01:56:34,211 : INFO : news_getter : Getting news from cache...
2021-10-29 01:56:34,212 : INFO : json_feed_generation : Generating JSON structure...
2021-10-29 01:56:34,212 : INFO : news_getter : Getting news from cache...
2021-10-29 01:56:34,212 : INFO : single_file_date_checker : Filtering news by source...
2021-10-29 01:56:34,212 : INFO : single_file_date_checker : Filtering news by source...
2021-10-29 01:56:34,212 : INFO : single_file_date_checker : Filtering news by source...
2021-10-29 01:56:34,213 : INFO : news_getter : Getting news from cache...
2021-10-29 01:56:34,214 : INFO : news_getter : Getting news from cache...
2021-10-29 01:56:34,214 : INFO : single_file_date_checker : Filtering news by source...
2021-10-29 01:56:34,215 : INFO : single_file_date_checker : Filtering news by source...
2021-10-29 01:56:34,215 : INFO : single_file_date_checker : Filtering news by source...
2021-10-29 01:56:34,222 : INFO : __init__ : RSS Parser is starting
2021-10-29 01:56:34,222 : INFO : parser_initiation : Getting content of RSS link...
2021-10-29 01:56:34,678 : INFO : parser_initiation : Connection established successfully
2021-10-29 01:56:34,700 : INFO : __init__ : RSS Parser is starting
2021-10-29 01:56:34,700 : INFO : parser_initiation : Getting content of RSS link...
2021-10-29 01:56:34,852 : INFO : parser_initiation : Connection established successfully
2021-10-29 01:56:34,883 : INFO : __init__ : RSS Parser is starting
2021-10-29 01:56:34,883 : INFO : parser_initiation : Getting content of RSS link...
2021-10-29 01:56:35,188 : INFO : parser_initiation : Connection established successfully
2021-10-29 01:56:35,206 : INFO : __init__ : RSS Parser is starting
2021-10-29 01:56:35,206 : INFO : parser_initiation : Getting content of RSS link...
2021-10-29 01:56:35,330 : INFO : parser_initiation : Connection established successfully
2021-10-29 01:56:35,357 : INFO : __init__ : RSS Parser is starting
2021-10-29 01:56:35,357 : INFO : parser_initiation : Getting content of RSS link...
2021-10-29 01:56:35,672 : INFO : parser_initiation : Connection established successfully
2021-10-29 01:56:35,697 : INFO : __init__ : RSS Parser is starting
2021-10-29 01:56:35,697 : INFO : parser_initiation : Getting content of RSS link...
2021-10-29 01:56:35,814 : INFO : parser_initiation : Connection established successfully
2021-10-29 01:56:35,842 : INFO : item_parser : Parsing single 'item'...
2021-10-29 01:56:35,843 : INFO : item_parser : Parsing single 'item'...
2021-10-29 01:56:35,843 : INFO : __init__ : RSS Parser is starting
2021-10-29 01:56:35,843 : INFO : parser_initiation : Getting content of RSS link...
2021-10-29 01:56:36,123 : INFO : parser_initiation : Connection established successfully
2021-10-29 01:56:36,140 : INFO : __init__ : RSS Parser is starting
2021-10-29 01:56:36,141 : INFO : parser_initiation : Getting content of RSS link...
2021-10-29 01:56:36,232 : INFO : parser_initiation : Connection established successfully
2021-10-29 01:56:36,261 : INFO : __init__ : RSS Parser is starting
2021-10-29 01:56:36,261 : INFO : parser_initiation : Getting content of RSS link...
2021-10-29 01:56:36,486 : INFO : parser_initiation : Connection established successfully
2021-10-29 01:56:36,504 : INFO : __init__ : RSS Parser is starting
2021-10-29 01:56:36,504 : INFO : parser_initiation : Getting content of RSS link...
2021-10-29 01:56:36,598 : INFO : parser_initiation : Connection established successfully
2021-10-29 01:56:36,630 : INFO : __init__ : RSS Parser is starting
2021-10-29 01:56:36,630 : INFO : parser_initiation : Getting content of RSS link...
2021-10-29 01:56:36,891 : INFO : parser_initiation : Connection established successfully
2021-10-29 01:56:36,908 : INFO : __init__ : RSS Parser is starting
2021-10-29 01:56:36,909 : INFO : parser_initiation : Getting content of RSS link...
2021-10-29 01:56:37,026 : INFO : parser_initiation : Connection established successfully
2021-10-29 01:56:37,054 : INFO : json_feed_generation : Generating json object...
2021-10-29 01:56:37,054 : INFO : title_parser : Parsing 'title'...
2021-10-29 01:56:37,055 : INFO : item_parser : Parsing single 'item'...
2021-10-29 01:56:37,055 : INFO : item_parser : Parsing single 'item'...
2021-10-29 01:56:37,055 : INFO : item_parser : Parsing single 'item'...
2021-10-29 01:56:37,055 : INFO : item_parser : Parsing single 'item'...
2021-10-29 01:56:37,056 : INFO : item_parser : Parsing single 'item'...
2021-10-29 01:56:37,056 : INFO : item_parser : Parsing single 'item'...
2021-10-29 01:56:37,056 : INFO : item_parser : Parsing single 'item'...
2021-10-29 01:56:37,056 : INFO : item_parser : Parsing single 'item'...
2021-10-29 01:56:37,056 : INFO : item_parser : Parsing single 'item'...
2021-10-29 01:56:37,056 : INFO : item_parser : Parsing single 'item'...
2021-10-29 01:56:37,057 : INFO : item_parser : Parsing single 'item'...
2021-10-29 01:56:37,057 : INFO : item_parser : Parsing single 'item'...
2021-10-29 01:56:37,057 : INFO : item_parser : Parsing single 'item'...
2021-10-29 01:56:37,057 : INFO : item_parser : Parsing single 'item'...
2021-10-29 01:56:37,057 : INFO : item_parser : Parsing single 'item'...
2021-10-29 01:56:37,057 : INFO : item_parser : Parsing single 'item'...
2021-10-29 01:56:37,057 : INFO : item_parser : Parsing single 'item'...
2021-10-29 01:56:37,057 : INFO : item_parser : Parsing single 'item'...
2021-10-29 01:56:37,057 : INFO : item_parser : Parsing single 'item'...
2021-10-29 01:56:37,058 : INFO : item_parser : Parsing single 'item'...
2021-10-29 01:56:37,058 : INFO : item_parser : Parsing single 'item'...
2021-10-29 01:56:37,058 : INFO : item_parser : Parsing single 'item'...
2021-10-29 01:56:37,058 : INFO : item_parser : Parsing single 'item'...
2021-10-29 01:56:37,058 : INFO : item_parser : Parsing single 'item'...
2021-10-29 01:56:37,058 : INFO : item_parser : Parsing single 'item'...
2021-10-29 01:56:37,058 : INFO : item_parser : Parsing single 'item'...
2021-10-29 01:56:37,059 : INFO : item_parser : Parsing single 'item'...
2021-10-29 01:56:37,059 : INFO : item_parser : Parsing single 'item'...
2021-10-29 01:56:37,059 : INFO : item_parser : Parsing single 'item'...
2021-10-29 01:56:37,059 : INFO : item_parser : Parsing single 'item'...
2021-10-29 01:56:37,059 : INFO : item_parser : Parsing single 'item'...
2021-10-29 01:56:37,059 : INFO : item_parser : Parsing single 'item'...
2021-10-29 01:56:37,059 : INFO : item_parser : Parsing single 'item'...
2021-10-29 01:56:37,059 : INFO : item_parser : Parsing single 'item'...
2021-10-29 01:56:37,059 : INFO : item_parser : Parsing single 'item'...
2021-10-29 01:56:37,060 : INFO : item_parser : Parsing single 'item'...
2021-10-29 01:56:37,060 : INFO : item_parser : Parsing single 'item'...
2021-10-29 01:56:37,060 : INFO : item_parser : Parsing single 'item'...
2021-10-29 01:56:37,060 : INFO : item_parser : Parsing single 'item'...
2021-10-29 01:56:37,060 : INFO : item_parser : Parsing single 'item'...
2021-10-29 01:56:37,060 : INFO : item_parser : Parsing single 'item'...
2021-10-29 01:56:37,060 : INFO : item_parser : Parsing single 'item'...
2021-10-29 01:56:37,060 : INFO : item_parser : Parsing single 'item'...
2021-10-29 01:56:37,060 : INFO : item_parser : Parsing single 'item'...
2021-10-29 01:56:37,061 : INFO : item_parser : Parsing single 'item'...
2021-10-29 01:56:37,061 : INFO : item_parser : Parsing single 'item'...
2021-10-29 01:56:37,061 : INFO : item_parser : Parsing single 'item'...
2021-10-29 01:56:37,061 : INFO : item_parser : Parsing single 'item'...
2021-10-29 01:56:37,061 : INFO : item_parser : Parsing single 'item'...
2021-10-29 01:56:37,061 : INFO : item_parser : Parsing single 'item'...
2021-10-29 01:56:37,061 : INFO : item_parser : Parsing single 'item'...
2021-10-29 01:56:37,062 : INFO : json_feed_generation : Generating json object...
2021-10-29 01:56:37,062 : INFO : title_parser : Parsing 'title'...
2021-10-29 01:56:37,063 : INFO : item_parser : Parsing single 'item'...
2021-10-29 01:56:37,063 : INFO : item_parser : Parsing single 'item'...
2021-10-29 01:56:37,063 : INFO : item_parser : Parsing single 'item'...
2021-10-29 01:56:37,063 : INFO : item_parser : Parsing single 'item'...
2021-10-29 01:56:37,063 : INFO : item_parser : Parsing single 'item'...
2021-10-29 01:56:37,063 : INFO : item_parser : Parsing single 'item'...
2021-10-29 01:56:37,063 : INFO : item_parser : Parsing single 'item'...
2021-10-29 01:56:37,064 : INFO : item_parser : Parsing single 'item'...
2021-10-29 01:56:37,064 : INFO : item_parser : Parsing single 'item'...
2021-10-29 01:56:37,064 : INFO : item_parser : Parsing single 'item'...
2021-10-29 01:56:37,064 : INFO : item_parser : Parsing single 'item'...
2021-10-29 01:56:37,064 : INFO : item_parser : Parsing single 'item'...
2021-10-29 01:56:37,064 : INFO : item_parser : Parsing single 'item'...
2021-10-29 01:56:37,064 : INFO : item_parser : Parsing single 'item'...
2021-10-29 01:56:37,064 : INFO : item_parser : Parsing single 'item'...
2021-10-29 01:56:37,065 : INFO : item_parser : Parsing single 'item'...
2021-10-29 01:56:37,065 : INFO : item_parser : Parsing single 'item'...
2021-10-29 01:56:37,065 : INFO : item_parser : Parsing single 'item'...
2021-10-29 01:56:37,065 : INFO : item_parser : Parsing single 'item'...
2021-10-29 01:56:37,065 : INFO : item_parser : Parsing single 'item'...
2021-10-29 01:56:37,065 : INFO : item_parser : Parsing single 'item'...
2021-10-29 01:56:37,065 : INFO : item_parser : Parsing single 'item'...
2021-10-29 01:56:37,065 : INFO : item_parser : Parsing single 'item'...
2021-10-29 01:56:37,065 : INFO : item_parser : Parsing single 'item'...
2021-10-29 01:56:37,066 : INFO : item_parser : Parsing single 'item'...
2021-10-29 01:56:37,066 : INFO : item_parser : Parsing single 'item'...
2021-10-29 01:56:37,066 : INFO : item_parser : Parsing single 'item'...
2021-10-29 01:56:37,066 : INFO : item_parser : Parsing single 'item'...
2021-10-29 01:56:37,066 : INFO : item_parser : Parsing single 'item'...
2021-10-29 01:56:37,066 : INFO : item_parser : Parsing single 'item'...
2021-10-29 01:56:37,067 : INFO : __init__ : RSS Parser is starting
2021-10-29 01:56:37,067 : INFO : parser_initiation : Getting content of RSS link...
2021-10-29 01:56:37,357 : INFO : parser_initiation : Connection established successfully
2021-10-29 01:56:37,375 : INFO : __init__ : RSS Parser is starting
2021-10-29 01:56:37,375 : INFO : parser_initiation : Getting content of RSS link...
2021-10-29 01:56:37,504 : INFO : parser_initiation : Connection established successfully
2021-10-29 01:56:37,534 : INFO : __init__ : RSS Parser is starting
2021-10-29 01:56:37,534 : INFO : parser_initiation : Getting content of RSS link...
2021-10-29 01:56:37,843 : INFO : parser_initiation : Connection established successfully
2021-10-29 01:56:37,861 : INFO : __init__ : RSS Parser is starting
2021-10-29 01:56:37,861 : INFO : parser_initiation : Getting content of RSS link...
2021-10-29 01:56:37,978 : INFO : parser_initiation : Connection established successfully
2021-10-29 01:56:38,036 : INFO : parser_initiation : Getting content of RSS link...
2021-10-29 01:56:38,268 : INFO : parser_initiation : Connection established successfully
2021-10-29 01:56:38,285 : INFO : parser_initiation : Getting content of RSS link...
2021-10-29 01:56:38,375 : INFO : parser_initiation : Connection established successfully
2021-10-29 01:56:38,385 : INFO : __init__ : RSS Parser is starting
2021-10-29 01:56:38,385 : INFO : parser_initiation : Getting content of RSS link...
2021-10-29 01:56:38,571 : INFO : parser_initiation : Connection established successfully
2021-10-29 01:56:38,605 : INFO : __init__ : RSS Parser is starting
2021-10-29 01:56:38,605 : INFO : parser_initiation : Getting content of RSS link...
2021-10-29 01:56:38,680 : INFO : parser_initiation : Connection established successfully
2021-10-29 01:56:38,707 : INFO : title_parser : Parsing 'title'...
2021-10-29 01:56:38,707 : INFO : title_parser : Parsing 'title'...
2021-10-29 01:56:38,708 : INFO : __init__ : RSS Parser is starting
2021-10-29 01:56:38,708 : INFO : parser_initiation : Getting content of RSS link...
2021-10-29 01:56:38,897 : INFO : parser_initiation : Connection established successfully
2021-10-29 01:56:38,916 : INFO : __init__ : RSS Parser is starting
2021-10-29 01:56:38,916 : INFO : parser_initiation : Getting content of RSS link...
2021-10-29 01:56:39,007 : INFO : parser_initiation : Connection established successfully
2021-10-29 01:56:39,034 : INFO : __init__ : RSS Parser is starting
2021-10-29 01:56:39,035 : INFO : parser_initiation : Getting content of RSS link...
2021-10-29 01:56:39,265 : INFO : parser_initiation : Connection established successfully
2021-10-29 01:56:39,282 : INFO : __init__ : RSS Parser is starting
2021-10-29 01:56:39,282 : INFO : parser_initiation : Getting content of RSS link...
2021-10-29 01:56:39,389 : INFO : parser_initiation : Connection established successfully
2021-10-29 02:03:49,394 : INFO : json_feed_generation : Generating JSON structure...
2021-10-29 02:03:49,394 : INFO : news_getter : Getting news from cache...
2021-10-29 02:03:49,394 : INFO : json_feed_generation : Generating JSON structure...
2021-10-29 02:03:49,395 : INFO : news_getter : Getting news from cache...
2021-10-29 02:03:49,395 : INFO : single_file_date_checker : Filtering news by source...
2021-10-29 02:03:49,395 : INFO : single_file_date_checker : Filtering news by source...
2021-10-29 02:03:49,395 : INFO : single_file_date_checker : Filtering news by source...
2021-10-29 02:03:49,396 : INFO : news_getter : Getting news from cache...
2021-10-29 02:03:49,396 : INFO : news_getter : Getting news from cache...
2021-10-29 02:03:49,397 : INFO : single_file_date_checker : Filtering news by source...
2021-10-29 02:03:49,397 : INFO : single_file_date_checker : Filtering news by source...
2021-10-29 02:03:49,397 : INFO : single_file_date_checker : Filtering news by source...
2021-10-29 02:03:55,026 : INFO : json_feed_generation : Generating JSON structure...
2021-10-29 02:03:55,026 : INFO : news_getter : Getting news from cache...
2021-10-29 02:03:55,027 : INFO : json_feed_generation : Generating JSON structure...
2021-10-29 02:03:55,027 : INFO : news_getter : Getting news from cache...
2021-10-29 02:03:55,027 : INFO : single_file_date_checker : Filtering news by source...
2021-10-29 02:03:55,027 : INFO : single_file_date_checker : Filtering news by source...
2021-10-29 02:03:55,027 : INFO : single_file_date_checker : Filtering news by source...
2021-10-29 02:03:55,028 : INFO : news_getter : Getting news from cache...
2021-10-29 02:03:55,028 : INFO : news_getter : Getting news from cache...
2021-10-29 02:03:55,029 : INFO : single_file_date_checker : Filtering news by source...
2021-10-29 02:03:55,029 : INFO : single_file_date_checker : Filtering news by source...
2021-10-29 02:03:55,029 : INFO : single_file_date_checker : Filtering news by source...
2021-10-29 02:04:18,900 : INFO : json_feed_generation : Generating JSON structure...
2021-10-29 02:04:18,900 : INFO : news_getter : Getting news from cache...
2021-10-29 02:04:18,901 : INFO : json_feed_generation : Generating JSON structure...
2021-10-29 02:04:18,901 : INFO : news_getter : Getting news from cache...
2021-10-29 02:04:18,901 : INFO : single_file_date_checker : Filtering news by source...
2021-10-29 02:04:18,901 : INFO : single_file_date_checker : Filtering news by source...
2021-10-29 02:04:18,902 : INFO : single_file_date_checker : Filtering news by source...
2021-10-29 02:04:18,902 : INFO : news_getter : Getting news from cache...
2021-10-29 02:04:18,903 : INFO : news_getter : Getting news from cache...
2021-10-29 02:04:18,903 : INFO : single_file_date_checker : Filtering news by source...
2021-10-29 02:04:18,903 : INFO : single_file_date_checker : Filtering news by source...
2021-10-29 02:04:18,903 : INFO : single_file_date_checker : Filtering news by source...
2021-10-29 02:04:18,904 : INFO : single_file_date_checker : Filtering news by source...
2021-10-29 02:04:56,938 : INFO : json_feed_generation : Generating JSON structure...
2021-10-29 02:04:56,938 : INFO : news_getter : Getting news from cache...
2021-10-29 02:04:56,939 : INFO : json_feed_generation : Generating JSON structure...
2021-10-29 02:04:56,939 : INFO : news_getter : Getting news from cache...
2021-10-29 02:04:56,940 : INFO : single_file_date_checker : Filtering news by source...
2021-10-29 02:04:56,940 : INFO : single_file_date_checker : Filtering news by source...
2021-10-29 02:04:56,940 : INFO : single_file_date_checker : Filtering news by source...
2021-10-29 02:04:56,941 : INFO : news_getter : Getting news from cache...
2021-10-29 02:04:56,941 : INFO : news_getter : Getting news from cache...
2021-10-29 02:04:56,941 : INFO : single_file_date_checker : Filtering news by source...
2021-10-29 02:04:56,941 : INFO : single_file_date_checker : Filtering news by source...
2021-10-29 02:04:56,941 : INFO : single_file_date_checker : Filtering news by source...
2021-10-29 02:04:56,942 : INFO : single_file_date_checker : Filtering news by source...
2021-10-29 02:05:02,032 : INFO : __init__ : RSS Parser is starting
2021-10-29 02:05:02,033 : INFO : parser_initiation : Getting content of RSS link...
2021-10-29 02:05:02,821 : INFO : parser_initiation : Connection established successfully
2021-10-29 02:05:02,839 : INFO : __init__ : RSS Parser is starting
2021-10-29 02:05:02,840 : INFO : parser_initiation : Getting content of RSS link...
2021-10-29 02:05:03,098 : INFO : parser_initiation : Connection established successfully
2021-10-29 02:05:07,827 : INFO : __init__ : RSS Parser is starting
2021-10-29 02:05:07,827 : INFO : parser_initiation : Getting content of RSS link...
2021-10-29 02:05:08,465 : INFO : parser_initiation : Connection established successfully
2021-10-29 02:05:08,483 : INFO : __init__ : RSS Parser is starting
2021-10-29 02:05:08,484 : INFO : parser_initiation : Getting content of RSS link...
2021-10-29 02:05:08,666 : INFO : parser_initiation : Connection established successfully
2021-10-29 02:05:13,299 : INFO : __init__ : RSS Parser is starting
2021-10-29 02:05:13,299 : INFO : parser_initiation : Getting content of RSS link...
2021-10-29 02:05:13,723 : INFO : parser_initiation : Connection established successfully
2021-10-29 02:05:13,742 : INFO : __init__ : RSS Parser is starting
2021-10-29 02:05:13,742 : INFO : parser_initiation : Getting content of RSS link...
2021-10-29 02:05:13,863 : INFO : parser_initiation : Connection established successfully
2021-10-29 02:05:13,891 : INFO : __init__ : RSS Parser is starting
2021-10-29 02:05:13,891 : INFO : parser_initiation : Getting content of RSS link...
2021-10-29 02:05:14,324 : INFO : parser_initiation : Connection established successfully
2021-10-29 02:05:14,342 : INFO : __init__ : RSS Parser is starting
2021-10-29 02:05:14,342 : INFO : parser_initiation : Getting content of RSS link...
2021-10-29 02:05:14,461 : INFO : parser_initiation : Connection established successfully
2021-10-29 02:05:14,489 : INFO : __init__ : RSS Parser is starting
2021-10-29 02:05:14,490 : INFO : parser_initiation : Getting content of RSS link...
2021-10-29 02:05:14,942 : INFO : parser_initiation : Connection established successfully
2021-10-29 02:05:14,970 : INFO : __init__ : RSS Parser is starting
2021-10-29 02:05:14,970 : INFO : parser_initiation : Getting content of RSS link...
2021-10-29 02:05:15,107 : INFO : parser_initiation : Connection established successfully
2021-10-29 02:05:15,135 : INFO : item_parser : Parsing single 'item'...
2021-10-29 02:05:15,135 : INFO : item_parser : Parsing single 'item'...
2021-10-29 02:05:15,136 : INFO : __init__ : RSS Parser is starting
2021-10-29 02:05:15,136 : INFO : parser_initiation : Getting content of RSS link...
2021-10-29 02:05:15,594 : INFO : parser_initiation : Connection established successfully
2021-10-29 02:05:15,618 : INFO : __init__ : RSS Parser is starting
2021-10-29 02:05:15,618 : INFO : parser_initiation : Getting content of RSS link...
2021-10-29 02:05:15,735 : INFO : parser_initiation : Connection established successfully
2021-10-29 02:05:15,762 : INFO : __init__ : RSS Parser is starting
2021-10-29 02:05:15,762 : INFO : parser_initiation : Getting content of RSS link...
2021-10-29 02:05:16,234 : INFO : parser_initiation : Connection established successfully
2021-10-29 02:05:16,253 : INFO : __init__ : RSS Parser is starting
2021-10-29 02:05:16,253 : INFO : parser_initiation : Getting content of RSS link...
2021-10-29 02:05:16,388 : INFO : parser_initiation : Connection established successfully
2021-10-29 02:05:16,416 : INFO : __init__ : RSS Parser is starting
2021-10-29 02:05:16,416 : INFO : parser_initiation : Getting content of RSS link...
2021-10-29 02:05:16,889 : INFO : parser_initiation : Connection established successfully
2021-10-29 02:05:16,906 : INFO : __init__ : RSS Parser is starting
2021-10-29 02:05:16,906 : INFO : parser_initiation : Getting content of RSS link...
2021-10-29 02:05:17,041 : INFO : parser_initiation : Connection established successfully
2021-10-29 02:05:17,068 : INFO : json_feed_generation : Generating json object...
2021-10-29 02:05:17,068 : INFO : title_parser : Parsing 'title'...
2021-10-29 02:05:17,069 : INFO : item_parser : Parsing single 'item'...
2021-10-29 02:05:17,069 : INFO : item_parser : Parsing single 'item'...
2021-10-29 02:05:17,070 : INFO : item_parser : Parsing single 'item'...
2021-10-29 02:05:17,070 : INFO : item_parser : Parsing single 'item'...
2021-10-29 02:05:17,070 : INFO : item_parser : Parsing single 'item'...
2021-10-29 02:05:17,070 : INFO : item_parser : Parsing single 'item'...
2021-10-29 02:05:17,070 : INFO : item_parser : Parsing single 'item'...
2021-10-29 02:05:17,070 : INFO : item_parser : Parsing single 'item'...
2021-10-29 02:05:17,070 : INFO : item_parser : Parsing single 'item'...
2021-10-29 02:05:17,070 : INFO : item_parser : Parsing single 'item'...
2021-10-29 02:05:17,070 : INFO : item_parser : Parsing single 'item'...
2021-10-29 02:05:17,071 : INFO : item_parser : Parsing single 'item'...
2021-10-29 02:05:17,071 : INFO : item_parser : Parsing single 'item'...
2021-10-29 02:05:17,071 : INFO : item_parser : Parsing single 'item'...
2021-10-29 02:05:17,071 : INFO : item_parser : Parsing single 'item'...
2021-10-29 02:05:17,071 : INFO : item_parser : Parsing single 'item'...
2021-10-29 02:05:17,071 : INFO : item_parser : Parsing single 'item'...
2021-10-29 02:05:17,071 : INFO : item_parser : Parsing single 'item'...
2021-10-29 02:05:17,072 : INFO : item_parser : Parsing single 'item'...
2021-10-29 02:05:17,072 : INFO : item_parser : Parsing single 'item'...
2021-10-29 02:05:17,072 : INFO : item_parser : Parsing single 'item'...
2021-10-29 02:05:17,072 : INFO : item_parser : Parsing single 'item'...
2021-10-29 02:05:17,072 : INFO : item_parser : Parsing single 'item'...
2021-10-29 02:05:17,072 : INFO : item_parser : Parsing single 'item'...
2021-10-29 02:05:17,072 : INFO : item_parser : Parsing single 'item'...
2021-10-29 02:05:17,072 : INFO : item_parser : Parsing single 'item'...
2021-10-29 02:05:17,073 : INFO : item_parser : Parsing single 'item'...
2021-10-29 02:05:17,073 : INFO : item_parser : Parsing single 'item'...
2021-10-29 02:05:17,073 : INFO : item_parser : Parsing single 'item'...
2021-10-29 02:05:17,073 : INFO : item_parser : Parsing single 'item'...
2021-10-29 02:05:17,073 : INFO : item_parser : Parsing single 'item'...
2021-10-29 02:05:17,073 : INFO : item_parser : Parsing single 'item'...
2021-10-29 02:05:17,073 : INFO : item_parser : Parsing single 'item'...
2021-10-29 02:05:17,074 : INFO : item_parser : Parsing single 'item'...
2021-10-29 02:05:17,074 : INFO : item_parser : Parsing single 'item'...
2021-10-29 02:05:17,074 : INFO : item_parser : Parsing single 'item'...
2021-10-29 02:05:17,074 : INFO : item_parser : Parsing single 'item'...
2021-10-29 02:05:17,074 : INFO : item_parser : Parsing single 'item'...
2021-10-29 02:05:17,074 : INFO : item_parser : Parsing single 'item'...
2021-10-29 02:05:17,074 : INFO : item_parser : Parsing single 'item'...
2021-10-29 02:05:17,074 : INFO : item_parser : Parsing single 'item'...
2021-10-29 02:05:17,075 : INFO : item_parser : Parsing single 'item'...
2021-10-29 02:05:17,075 : INFO : item_parser : Parsing single 'item'...
2021-10-29 02:05:17,075 : INFO : item_parser : Parsing single 'item'...
2021-10-29 02:05:17,075 : INFO : item_parser : Parsing single 'item'...
2021-10-29 02:05:17,075 : INFO : item_parser : Parsing single 'item'...
2021-10-29 02:05:17,075 : INFO : item_parser : Parsing single 'item'...
2021-10-29 02:05:17,075 : INFO : item_parser : Parsing single 'item'...
2021-10-29 02:05:17,076 : INFO : item_parser : Parsing single 'item'...
2021-10-29 02:05:17,076 : INFO : item_parser : Parsing single 'item'...
2021-10-29 02:05:17,076 : INFO : item_parser : Parsing single 'item'...
2021-10-29 02:05:17,077 : INFO : json_feed_generation : Generating json object...
2021-10-29 02:05:17,077 : INFO : title_parser : Parsing 'title'...
2021-10-29 02:05:17,078 : INFO : item_parser : Parsing single 'item'...
2021-10-29 02:05:17,078 : INFO : item_parser : Parsing single 'item'...
2021-10-29 02:05:17,078 : INFO : item_parser : Parsing single 'item'...
2021-10-29 02:05:17,078 : INFO : item_parser : Parsing single 'item'...
2021-10-29 02:05:17,078 : INFO : item_parser : Parsing single 'item'...
2021-10-29 02:05:17,078 : INFO : item_parser : Parsing single 'item'...
2021-10-29 02:05:17,078 : INFO : item_parser : Parsing single 'item'...
2021-10-29 02:05:17,078 : INFO : item_parser : Parsing single 'item'...
2021-10-29 02:05:17,079 : INFO : item_parser : Parsing single 'item'...
2021-10-29 02:05:17,079 : INFO : item_parser : Parsing single 'item'...
2021-10-29 02:05:17,079 : INFO : item_parser : Parsing single 'item'...
2021-10-29 02:05:17,079 : INFO : item_parser : Parsing single 'item'...
2021-10-29 02:05:17,079 : INFO : item_parser : Parsing single 'item'...
2021-10-29 02:05:17,079 : INFO : item_parser : Parsing single 'item'...
2021-10-29 02:05:17,079 : INFO : item_parser : Parsing single 'item'...
2021-10-29 02:05:17,079 : INFO : item_parser : Parsing single 'item'...
2021-10-29 02:05:17,079 : INFO : item_parser : Parsing single 'item'...
2021-10-29 02:05:17,080 : INFO : item_parser : Parsing single 'item'...
2021-10-29 02:05:17,080 : INFO : item_parser : Parsing single 'item'...
2021-10-29 02:05:17,080 : INFO : item_parser : Parsing single 'item'...
2021-10-29 02:05:17,080 : INFO : item_parser : Parsing single 'item'...
2021-10-29 02:05:17,080 : INFO : item_parser : Parsing single 'item'...
2021-10-29 02:05:17,080 : INFO : item_parser : Parsing single 'item'...
2021-10-29 02:05:17,080 : INFO : item_parser : Parsing single 'item'...
2021-10-29 02:05:17,080 : INFO : item_parser : Parsing single 'item'...
2021-10-29 02:05:17,081 : INFO : item_parser : Parsing single 'item'...
2021-10-29 02:05:17,081 : INFO : item_parser : Parsing single 'item'...
2021-10-29 02:05:17,081 : INFO : item_parser : Parsing single 'item'...
2021-10-29 02:05:17,081 : INFO : item_parser : Parsing single 'item'...
2021-10-29 02:05:17,081 : INFO : item_parser : Parsing single 'item'...
2021-10-29 02:05:17,082 : INFO : __init__ : RSS Parser is starting
2021-10-29 02:05:17,082 : INFO : parser_initiation : Getting content of RSS link...
2021-10-29 02:05:17,516 : INFO : parser_initiation : Connection established successfully
2021-10-29 02:05:17,534 : INFO : __init__ : RSS Parser is starting
2021-10-29 02:05:17,534 : INFO : parser_initiation : Getting content of RSS link...
2021-10-29 02:05:17,629 : INFO : parser_initiation : Connection established successfully
2021-10-29 02:05:17,656 : INFO : __init__ : RSS Parser is starting
2021-10-29 02:05:17,656 : INFO : parser_initiation : Getting content of RSS link...
2021-10-29 02:05:17,964 : INFO : parser_initiation : Connection established successfully
2021-10-29 02:05:17,982 : INFO : __init__ : RSS Parser is starting
2021-10-29 02:05:17,983 : INFO : parser_initiation : Getting content of RSS link...
2021-10-29 02:05:18,076 : INFO : parser_initiation : Connection established successfully
2021-10-29 02:05:18,129 : INFO : parser_initiation : Getting content of RSS link...
2021-10-29 02:05:18,498 : INFO : parser_initiation : Connection established successfully
2021-10-29 02:05:18,515 : INFO : parser_initiation : Getting content of RSS link...
2021-10-29 02:05:18,620 : INFO : parser_initiation : Connection established successfully
2021-10-29 02:05:18,627 : INFO : __init__ : RSS Parser is starting
2021-10-29 02:05:18,627 : INFO : parser_initiation : Getting content of RSS link...
2021-10-29 02:05:18,951 : INFO : parser_initiation : Connection established successfully
2021-10-29 02:05:18,968 : INFO : __init__ : RSS Parser is starting
2021-10-29 02:05:18,968 : INFO : parser_initiation : Getting content of RSS link...
2021-10-29 02:05:19,049 : INFO : parser_initiation : Connection established successfully
2021-10-29 02:05:19,077 : INFO : title_parser : Parsing 'title'...
2021-10-29 02:05:19,077 : INFO : title_parser : Parsing 'title'...
2021-10-29 02:05:19,079 : INFO : __init__ : RSS Parser is starting
2021-10-29 02:05:19,079 : INFO : parser_initiation : Getting content of RSS link...
2021-10-29 02:05:19,381 : INFO : parser_initiation : Connection established successfully
2021-10-29 02:05:19,399 : INFO : __init__ : RSS Parser is starting
2021-10-29 02:05:19,400 : INFO : parser_initiation : Getting content of RSS link...
2021-10-29 02:05:19,481 : INFO : parser_initiation : Connection established successfully
2021-10-29 02:05:19,509 : INFO : __init__ : RSS Parser is starting
2021-10-29 02:05:19,509 : INFO : parser_initiation : Getting content of RSS link...
2021-10-29 02:05:19,818 : INFO : parser_initiation : Connection established successfully
2021-10-29 02:05:19,836 : INFO : __init__ : RSS Parser is starting
2021-10-29 02:05:19,836 : INFO : parser_initiation : Getting content of RSS link...
2021-10-29 02:05:20,123 : INFO : parser_initiation : Connection established successfully
2021-10-29 02:06:16,170 : INFO : main : --------------------Starting session--------------------
2021-10-29 02:06:16,170 : INFO : view_output : Getting output in a human readable way...
2021-10-29 02:06:16,173 : INFO : news_getter : Getting news from cache...
2021-10-29 02:06:16,185 : INFO : single_file_date_checker : Filtering news by source...
2021-10-29 02:06:16,185 : INFO : single_file_date_checker : Filtering news by source...
2021-10-29 02:06:16,186 : INFO : single_file_date_checker : Filtering news by source...
2021-10-29 02:06:41,112 : INFO : main : --------------------Starting session--------------------
2021-10-29 02:06:41,112 : INFO : __init__ : RSS Parser is starting
2021-10-29 02:06:41,112 : INFO : parser_initiation : Getting content of RSS link...
2021-10-29 02:06:42,464 : INFO : parser_initiation : Connection established successfully
2021-10-29 02:06:42,481 : INFO : view_output : Printing output in a human readable way
2021-10-29 02:06:42,496 : INFO : title_parser : Parsing 'title'...
2021-10-29 02:06:42,513 : INFO : item_parser : Parsing single 'item'...
2021-10-29 02:06:42,515 : INFO : item_parser : Parsing single 'item'...
2021-10-29 02:06:42,527 : INFO : item_parser : Parsing single 'item'...
2021-10-29 02:06:42,530 : INFO : json_feed_generation : Generating json object...
2021-10-29 02:06:42,530 : INFO : title_parser : Parsing 'title'...
2021-10-29 02:06:42,532 : INFO : item_parser : Parsing single 'item'...
2021-10-29 02:06:42,532 : INFO : item_parser : Parsing single 'item'...
2021-10-29 02:06:42,532 : INFO : item_parser : Parsing single 'item'...
2021-10-29 02:06:42,533 : INFO : main : --------------------Session finished--------------------
2021-10-29 02:07:08,107 : INFO : main : --------------------Starting session--------------------
2021-10-29 02:07:08,109 : INFO : view_output : Getting output in a human readable way...
2021-10-29 02:07:08,111 : INFO : news_getter : Getting news from cache...
2021-10-29 02:07:08,111 : INFO : single_file_date_checker : Filtering news by source...
2021-10-29 02:07:08,121 : INFO : single_file_date_checker : Filtering news by source...
2021-10-29 02:07:08,122 : INFO : single_file_date_checker : Filtering news by source...
2021-10-29 02:07:08,122 : INFO : single_file_date_checker : Filtering news by source...
2021-10-29 02:07:08,143 : INFO : main : --------------------Session finished--------------------
2021-10-29 02:09:26,556 : INFO : main : --------------------Starting session--------------------
2021-10-29 02:09:26,557 : INFO : view_output : Getting output in a human readable way...
2021-10-29 02:09:26,559 : INFO : news_getter : Getting news from cache...
2021-10-29 02:09:26,571 : INFO : main : --------------------Session finished--------------------
2021-10-29 02:10:40,678 : INFO : main : --------------------Starting session--------------------
2021-10-29 02:10:40,678 : INFO : view_output : Getting output in a human readable way...
2021-10-29 02:10:40,681 : INFO : news_getter : Getting news from cache...
2021-10-29 02:10:40,682 : INFO : news_getter : There are no news in cache
2021-10-29 02:10:40,692 : INFO : main : --------------------Session finished--------------------
2021-10-29 02:11:23,993 : INFO : main : --------------------Starting session--------------------
2021-10-29 02:11:23,994 : INFO : view_output : Getting output in a human readable way...
2021-10-29 02:11:23,996 : INFO : news_getter : Getting news from cache...
2021-10-29 02:11:24,006 : INFO : news_getter : There are no news in cache
2021-10-29 02:11:24,007 : INFO : main : --------------------Session finished--------------------

2021-10-29 02:11:25,952 : INFO : main : --------------------Starting session--------------------
2021-10-29 02:11:25,953 : INFO : view_output : Getting output in a human readable way...
2021-10-29 02:11:25,956 : INFO : news_getter : Getting news from cache...
2021-10-29 02:11:25,967 : INFO : news_getter : There are no news in cache
2021-10-29 02:11:25,970 : INFO : main : --------------------Session finished--------------------

2021-10-29 02:11:35,640 : INFO : main : --------------------Starting session--------------------
2021-10-29 02:11:35,640 : INFO : view_output : Getting output in a human readable way...
2021-10-29 02:11:35,643 : INFO : news_getter : Getting news from cache...
2021-10-29 02:11:35,643 : INFO : news_getter : There are no news in cache
2021-10-29 02:11:35,654 : INFO : main : --------------------Session finished--------------------

